<?xml version="1.0" encoding="UTF-8"?>
<!-- Generated by org.testng.reporters.JUnitXMLReporter -->
<testsuite hostname="LAPTOP-I3V0BKGE" ignored="4" name="Test" tests="9" failures="0" timestamp="14 Jun 2020 08:29:05 GMT" time="36.672" errors="0">
  <testcase name="launchHDPortal" time="5.204" classname="com.buddi.hdportal.tests.HDPortalLoginTest"/>
  <testcase name="loginHDPortal" time="11.252" classname="com.buddi.hdportal.tests.HDPortalLoginTest"/>
  <testcase name="verifyHelpDeskTitle" time="5.206" classname="com.buddi.hdportal.tests.HDPortalHomeTest"/>
  <testcase name="expandManagementMenu" time="0.193" classname="com.buddi.hdportal.tests.HDPortalManageUserGroupsTest"/>
  <testcase name="clickUserGroupsMenuItem" time="1.032" classname="com.buddi.hdportal.tests.HDPortalManageUserGroupsTest"/>
  <testcase name="addUserGroup" time="1.105" classname="com.buddi.hdportal.tests.HDPortalManageUserGroupsTest"/>
  <testcase name="duplicateUserGroup" time="4.549" classname="com.buddi.hdportal.tests.HDPortalManageUserGroupsTest"/>
  <testcase name="deleteCreatedUserGroup" time="3.92" classname="com.buddi.hdportal.tests.HDPortalManageUserGroupsTest"/>
  <testcase name="deleteDuplicateUserGroup" time="3.971" classname="com.buddi.hdportal.tests.HDPortalManageUserGroupsTest"/>
  <testcase name="@BeforeSuite setUp" time="0.0" classname="com.buddi.hdportal.tests.HDPortalBaseTest">
    <ignored/>
  </testcase> <!-- @BeforeSuite setUp -->
  <testcase name="@BeforeSuite setUp" time="0.0" classname="com.buddi.hdportal.tests.HDPortalBaseTest">
    <ignored/>
  </testcase> <!-- @BeforeSuite setUp -->
  <testcase name="@AfterSuite clean" time="0.0" classname="com.buddi.hdportal.tests.HDPortalBaseTest">
    <ignored/>
  </testcase> <!-- @AfterSuite clean -->
  <testcase name="@AfterSuite clean" time="0.0" classname="com.buddi.hdportal.tests.HDPortalBaseTest">
    <ignored/>
  </testcase> <!-- @AfterSuite clean -->
</testsuite> <!-- Test -->
