<?xml version="1.0" encoding="UTF-8"?>
<!-- Generated by org.testng.reporters.JUnitXMLReporter -->
<testsuite hostname="LAPTOP-I3V0BKGE" ignored="0" name="Test" tests="4" failures="0" timestamp="05 May 2020 12:05:47 GMT" time="30.804" errors="0">
  <testcase name="@AfterTest stopAppiumServer" time="0.0" classname="com.buddi.colombiaapp.tests.AppiumBaseTest">
    <failure type="java.lang.NullPointerException">
      <![CDATA[java.lang.NullPointerException
at com.buddi.colombiaapp.tests.AppiumServerJava.stopServer(AppiumServerJava.java:43)
at com.buddi.colombiaapp.tests.AppiumBaseTest.stopAppiumServer(AppiumBaseTest.java:81)
... Removed 24 stack frames]]>
    </failure>
  </testcase> <!-- @AfterTest stopAppiumServer -->
  <testcase name="getAppHomeScreenMainTitle" time="2.347" classname="com.buddi.colombiaapp.tests.LoginColombiaAppTest"/>
  <testcase name="getAppHomeScreenSubTitle" time="0.353" classname="com.buddi.colombiaapp.tests.LoginColombiaAppTest"/>
  <testcase name="loginColombiaApp" time="9.153" classname="com.buddi.colombiaapp.tests.LoginColombiaAppTest"/>
  <testcase name="logOutColombiaApp" time="5.119" classname="com.buddi.colombiaapp.tests.LoginColombiaAppTest"/>
</testsuite> <!-- Test -->
