<?xml version="1.0" encoding="UTF-8"?>
<!-- Generated by org.testng.reporters.JUnitXMLReporter -->
<testsuite hostname="LAPTOP-I3V0BKGE" ignored="0" name="Default test" tests="5" failures="0" timestamp="07 May 2020 09:12:01 GMT" time="21.177" errors="0">
  <testcase name="getAppHomeScreenMainTitle" time="1.453" classname="com.buddi.colombiaapp.tests.LoginColombiaAppTest"/>
  <testcase name="getAppHomeScreenSubTitle" time="0.354" classname="com.buddi.colombiaapp.tests.LoginColombiaAppTest"/>
  <testcase name="loginColombiaApp" time="9.189" classname="com.buddi.colombiaapp.tests.LoginColombiaAppTest"/>
  <testcase name="verifyNoJobsScheduledText" time="5.052" classname="com.buddi.colombiaapp.tests.LoginColombiaAppTest"/>
  <testcase name="logOutColombiaApp" time="5.088" classname="com.buddi.colombiaapp.tests.LoginColombiaAppTest"/>
</testsuite> <!-- Default test -->
