<?xml version="1.0" encoding="UTF-8"?>
<!-- Generated by org.testng.reporters.JUnitXMLReporter -->
<testsuite hostname="LAPTOP-I3V0BKGE" ignored="0" name="Default test" tests="4" failures="0" timestamp="06 Sep 2020 14:18:50 GMT" time="23.478" errors="0">
  <testcase name="getAppHomeScreenMainTitle" time="0.268" classname="com.buddi.colombiaapp.tests.LoginColombiaAppTest"/>
  <testcase name="getAppHomeScreenSubTitle" time="0.146" classname="com.buddi.colombiaapp.tests.LoginColombiaAppTest"/>
  <testcase name="loginColombiaApp" time="15.256" classname="com.buddi.colombiaapp.tests.LoginColombiaAppTest"/>
  <testcase name="logOutColombiaApp" time="7.769" classname="com.buddi.colombiaapp.tests.LoginColombiaAppTest"/>
</testsuite> <!-- Default test -->
