<?xml version="1.0" encoding="UTF-8"?>
<testng-results skipped="0" failed="0" ignored="0" total="4" passed="4">
  <reporter-output>
  </reporter-output>
  <suite name="Suite" duration-ms="30804" started-at="2020-05-05T12:05:16Z" finished-at="2020-05-05T12:05:47Z">
    <groups>
    </groups>
    <test name="Test" duration-ms="30804" started-at="2020-05-05T12:05:16Z" finished-at="2020-05-05T12:05:47Z">
      <class name="com.buddi.colombiaapp.tests.LoginColombiaAppTest">
        <test-method status="PASS" signature="startAppriumServer()[pri:0, instance:com.buddi.colombiaapp.tests.LoginColombiaAppTest@ff5b51f]" name="startAppriumServer" is-config="true" duration-ms="13777" started-at="2020-05-05T12:05:16Z" finished-at="2020-05-05T12:05:30Z">
          <reporter-output>
          </reporter-output>
        </test-method> <!-- startAppriumServer -->
        <test-method status="PASS" signature="getAppHomeScreenMainTitle()[pri:0, instance:com.buddi.colombiaapp.tests.LoginColombiaAppTest@ff5b51f]" name="getAppHomeScreenMainTitle" duration-ms="2347" started-at="2020-05-05T12:05:30Z" finished-at="2020-05-05T12:05:32Z">
          <reporter-output>
          </reporter-output>
        </test-method> <!-- getAppHomeScreenMainTitle -->
        <test-method status="PASS" signature="getAppHomeScreenSubTitle()[pri:1, instance:com.buddi.colombiaapp.tests.LoginColombiaAppTest@ff5b51f]" name="getAppHomeScreenSubTitle" duration-ms="353" started-at="2020-05-05T12:05:32Z" finished-at="2020-05-05T12:05:33Z">
          <reporter-output>
          </reporter-output>
        </test-method> <!-- getAppHomeScreenSubTitle -->
        <test-method status="PASS" signature="loginColombiaApp()[pri:2, instance:com.buddi.colombiaapp.tests.LoginColombiaAppTest@ff5b51f]" name="loginColombiaApp" duration-ms="9153" started-at="2020-05-05T12:05:33Z" finished-at="2020-05-05T12:05:42Z">
          <reporter-output>
          </reporter-output>
        </test-method> <!-- loginColombiaApp -->
        <test-method status="PASS" signature="logOutColombiaApp()[pri:3, instance:com.buddi.colombiaapp.tests.LoginColombiaAppTest@ff5b51f]" name="logOutColombiaApp" duration-ms="5119" started-at="2020-05-05T12:05:42Z" finished-at="2020-05-05T12:05:47Z">
          <reporter-output>
          </reporter-output>
        </test-method> <!-- logOutColombiaApp -->
        <test-method status="FAIL" signature="stopAppiumServer()[pri:0, instance:com.buddi.colombiaapp.tests.LoginColombiaAppTest@ff5b51f]" name="stopAppiumServer" is-config="true" duration-ms="0" started-at="2020-05-05T12:05:47Z" finished-at="2020-05-05T12:05:47Z">
          <exception class="java.lang.NullPointerException">
            <full-stacktrace>
              <![CDATA[java.lang.NullPointerException
at com.buddi.colombiaapp.tests.AppiumServerJava.stopServer(AppiumServerJava.java:43)
at com.buddi.colombiaapp.tests.AppiumBaseTest.stopAppiumServer(AppiumBaseTest.java:81)
at sun.reflect.NativeMethodAccessorImpl.invoke0(Native Method)
at sun.reflect.NativeMethodAccessorImpl.invoke(NativeMethodAccessorImpl.java:62)
at sun.reflect.DelegatingMethodAccessorImpl.invoke(DelegatingMethodAccessorImpl.java:43)
at java.lang.reflect.Method.invoke(Method.java:498)
at org.testng.internal.MethodInvocationHelper.invokeMethod(MethodInvocationHelper.java:124)
at org.testng.internal.MethodInvocationHelper.invokeMethodConsideringTimeout(MethodInvocationHelper.java:59)
at org.testng.internal.Invoker.invokeConfigurationMethod(Invoker.java:458)
at org.testng.internal.Invoker.invokeConfigurations(Invoker.java:222)
at org.testng.internal.Invoker.invokeConfigurations(Invoker.java:142)
at org.testng.TestRunner.afterRun(TestRunner.java:725)
at org.testng.TestRunner.run(TestRunner.java:509)
at org.testng.SuiteRunner.runTest(SuiteRunner.java:455)
at org.testng.SuiteRunner.runSequentially(SuiteRunner.java:450)
at org.testng.SuiteRunner.privateRun(SuiteRunner.java:415)
at org.testng.SuiteRunner.run(SuiteRunner.java:364)
at org.testng.SuiteRunnerWorker.runSuite(SuiteRunnerWorker.java:52)
at org.testng.SuiteRunnerWorker.run(SuiteRunnerWorker.java:84)
at org.testng.TestNG.runSuitesSequentially(TestNG.java:1208)
at org.testng.TestNG.runSuitesLocally(TestNG.java:1137)
at org.testng.TestNG.runSuites(TestNG.java:1049)
at org.testng.TestNG.run(TestNG.java:1017)
at org.testng.remote.AbstractRemoteTestNG.run(AbstractRemoteTestNG.java:132)
at org.testng.remote.RemoteTestNG.initAndRun(RemoteTestNG.java:230)
at org.testng.remote.RemoteTestNG.main(RemoteTestNG.java:76)
]]>
            </full-stacktrace>
          </exception> <!-- java.lang.NullPointerException -->
          <reporter-output>
          </reporter-output>
        </test-method> <!-- stopAppiumServer -->
      </class> <!-- com.buddi.colombiaapp.tests.LoginColombiaAppTest -->
    </test> <!-- Test -->
  </suite> <!-- Suite -->
</testng-results>
