<?xml version="1.0" encoding="UTF-8"?>
<testng-results skipped="0" failed="0" ignored="4" total="11" passed="7">
  <reporter-output>
    <line>
      <![CDATA[Launching HD Portal...]]>
    </line>
    <line>
      <![CDATA[Launched HD Portal...]]>
    </line>
    <line>
      <![CDATA[Launching HD Portal home page...]]>
    </line>
    <line>
      <![CDATA[Launched HD Portal home page...]]>
    </line>
  </reporter-output>
  <suite name="Suite" duration-ms="24902" started-at="2020-06-12T14:49:36Z" finished-at="2020-06-12T14:50:01Z">
    <groups>
      <group name="Smoke">
        <method signature="HDPortalManagementTest.addUserGroup()[pri:6, instance:com.buddi.hdportal.tests.HDPortalManagementTest@5702b3b1]" name="addUserGroup" class="com.buddi.hdportal.tests.HDPortalManagementTest"/>
        <method signature="HDPortalManagementTest.clickUserGroupsMenuItem()[pri:5, instance:com.buddi.hdportal.tests.HDPortalManagementTest@5702b3b1]" name="clickUserGroupsMenuItem" class="com.buddi.hdportal.tests.HDPortalManagementTest"/>
        <method signature="HDPortalManagementTest.deleteCreatedUserGroup()[pri:7, instance:com.buddi.hdportal.tests.HDPortalManagementTest@5702b3b1]" name="deleteCreatedUserGroup" class="com.buddi.hdportal.tests.HDPortalManagementTest"/>
        <method signature="HDPortalManagementTest.expandManagementMenu()[pri:4, instance:com.buddi.hdportal.tests.HDPortalManagementTest@5702b3b1]" name="expandManagementMenu" class="com.buddi.hdportal.tests.HDPortalManagementTest"/>
      </group> <!-- Smoke -->
    </groups>
    <test name="Test" duration-ms="24902" started-at="2020-06-12T14:49:36Z" finished-at="2020-06-12T14:50:01Z">
      <class name="com.buddi.hdportal.tests.HDPortalLoginTest">
        <test-method status="PASS" signature="setUp(java.lang.String, java.lang.String)[pri:0, instance:com.buddi.hdportal.tests.HDPortalLoginTest@ff5b51f]" name="setUp" is-config="true" duration-ms="7731" started-at="2020-06-12T20:19:29Z" finished-at="2020-06-12T20:19:36Z">
          <params>
            <param index="0">
              <value>
                <![CDATA[chromedriver]]>
              </value>
            </param>
            <param index="1">
              <value>
                <![CDATA[ChromeSuite]]>
              </value>
            </param>
          </params>
          <reporter-output>
          </reporter-output>
        </test-method> <!-- setUp -->
        <test-method status="PASS" signature="initialize(java.lang.String)[pri:0, instance:com.buddi.hdportal.tests.HDPortalLoginTest@ff5b51f]" name="initialize" is-config="true" duration-ms="31" started-at="2020-06-12T20:19:36Z" finished-at="2020-06-12T20:19:36Z">
          <params>
            <param index="0">
              <value>
                <![CDATA[ChromeSuite]]>
              </value>
            </param>
          </params>
          <reporter-output>
          </reporter-output>
        </test-method> <!-- initialize -->
        <test-method status="PASS" signature="launchHDPortal()[pri:0, instance:com.buddi.hdportal.tests.HDPortalLoginTest@ff5b51f]" name="launchHDPortal" duration-ms="5031" started-at="2020-06-12T20:19:36Z" finished-at="2020-06-12T20:19:41Z">
          <reporter-output>
            <line>
              <![CDATA[Launching HD Portal...]]>
            </line>
            <line>
              <![CDATA[Launched HD Portal...]]>
            </line>
          </reporter-output>
        </test-method> <!-- launchHDPortal -->
        <test-method status="PASS" signature="loginHDPortal()[pri:1, instance:com.buddi.hdportal.tests.HDPortalLoginTest@ff5b51f]" name="loginHDPortal" duration-ms="11128" started-at="2020-06-12T20:19:41Z" finished-at="2020-06-12T20:19:53Z">
          <reporter-output>
          </reporter-output>
        </test-method> <!-- loginHDPortal -->
        <test-method status="PASS" signature="clean()[pri:0, instance:com.buddi.hdportal.tests.HDPortalLoginTest@ff5b51f]" name="clean" is-config="true" duration-ms="5448" started-at="2020-06-12T20:20:01Z" finished-at="2020-06-12T20:20:07Z">
          <reporter-output>
          </reporter-output>
        </test-method> <!-- clean -->
      </class> <!-- com.buddi.hdportal.tests.HDPortalLoginTest -->
      <class name="com.buddi.hdportal.tests.HDPortalManagementTest">
        <test-method status="PASS" signature="initialize(java.lang.String)[pri:0, instance:com.buddi.hdportal.tests.HDPortalManagementTest@5702b3b1]" name="initialize" is-config="true" duration-ms="5" started-at="2020-06-12T20:19:58Z" finished-at="2020-06-12T20:19:58Z">
          <params>
            <param index="0">
              <value>
                <![CDATA[ChromeSuite]]>
              </value>
            </param>
          </params>
          <reporter-output>
          </reporter-output>
        </test-method> <!-- initialize -->
        <test-method status="PASS" signature="expandManagementMenu()[pri:4, instance:com.buddi.hdportal.tests.HDPortalManagementTest@5702b3b1]" name="expandManagementMenu" duration-ms="147" started-at="2020-06-12T20:19:58Z" finished-at="2020-06-12T20:19:58Z">
          <reporter-output>
          </reporter-output>
        </test-method> <!-- expandManagementMenu -->
        <test-method status="PASS" signature="clickUserGroupsMenuItem()[pri:5, instance:com.buddi.hdportal.tests.HDPortalManagementTest@5702b3b1]" name="clickUserGroupsMenuItem" duration-ms="998" started-at="2020-06-12T20:19:58Z" finished-at="2020-06-12T20:19:59Z">
          <reporter-output>
          </reporter-output>
        </test-method> <!-- clickUserGroupsMenuItem -->
        <test-method status="PASS" signature="addUserGroup()[pri:6, instance:com.buddi.hdportal.tests.HDPortalManagementTest@5702b3b1]" name="addUserGroup" duration-ms="1034" started-at="2020-06-12T20:19:59Z" finished-at="2020-06-12T20:20:00Z">
          <reporter-output>
          </reporter-output>
        </test-method> <!-- addUserGroup -->
        <test-method status="PASS" signature="deleteCreatedUserGroup()[pri:7, instance:com.buddi.hdportal.tests.HDPortalManagementTest@5702b3b1]" name="deleteCreatedUserGroup" duration-ms="1272" started-at="2020-06-12T20:20:00Z" finished-at="2020-06-12T20:20:01Z">
          <reporter-output>
          </reporter-output>
        </test-method> <!-- deleteCreatedUserGroup -->
      </class> <!-- com.buddi.hdportal.tests.HDPortalManagementTest -->
      <class name="com.buddi.hdportal.tests.HDPortalHomeTest">
        <test-method status="PASS" signature="initialize(java.lang.String)[pri:0, instance:com.buddi.hdportal.tests.HDPortalHomeTest@25bbe1b6]" name="initialize" is-config="true" duration-ms="5" started-at="2020-06-12T20:19:53Z" finished-at="2020-06-12T20:19:53Z">
          <params>
            <param index="0">
              <value>
                <![CDATA[ChromeSuite]]>
              </value>
            </param>
          </params>
          <reporter-output>
          </reporter-output>
        </test-method> <!-- initialize -->
        <test-method status="PASS" signature="verifyHelpDeskTitle()[pri:3, instance:com.buddi.hdportal.tests.HDPortalHomeTest@25bbe1b6]" name="verifyHelpDeskTitle" duration-ms="5194" started-at="2020-06-12T20:19:53Z" finished-at="2020-06-12T20:19:58Z">
          <reporter-output>
            <line>
              <![CDATA[Launching HD Portal home page...]]>
            </line>
            <line>
              <![CDATA[Launched HD Portal home page...]]>
            </line>
          </reporter-output>
        </test-method> <!-- verifyHelpDeskTitle -->
      </class> <!-- com.buddi.hdportal.tests.HDPortalHomeTest -->
    </test> <!-- Test -->
  </suite> <!-- Suite -->
</testng-results>
