<?xml version="1.0" encoding="UTF-8"?>
<testng-results skipped="0" failed="0" ignored="4" total="13" passed="9">
  <reporter-output>
    <line>
      <![CDATA[Test started]]>
    </line>
    <line>
      <![CDATA[Launching HD Portal...]]>
    </line>
    <line>
      <![CDATA[Launched HD Portal...]]>
    </line>
    <line>
      <![CDATA[Launching HD Portal home page...]]>
    </line>
    <line>
      <![CDATA[Launched HD Portal home page...]]>
    </line>
  </reporter-output>
  <suite name="Suite" duration-ms="32002" started-at="2020-06-14T06:52:04Z" finished-at="2020-06-14T06:52:36Z">
    <groups>
      <group name="Smoke">
        <method signature="HDPortalManagementTest.addUserGroup()[pri:6, instance:com.buddi.hdportal.tests.HDPortalManagementTest@6adede5]" name="addUserGroup" class="com.buddi.hdportal.tests.HDPortalManagementTest"/>
        <method signature="HDPortalManagementTest.clickUserGroupsMenuItem()[pri:5, instance:com.buddi.hdportal.tests.HDPortalManagementTest@6adede5]" name="clickUserGroupsMenuItem" class="com.buddi.hdportal.tests.HDPortalManagementTest"/>
        <method signature="HDPortalManagementTest.deleteCreatedUserGroup()[pri:8, instance:com.buddi.hdportal.tests.HDPortalManagementTest@6adede5]" name="deleteCreatedUserGroup" class="com.buddi.hdportal.tests.HDPortalManagementTest"/>
        <method signature="HDPortalManagementTest.deleteDuplicateUserGroup()[pri:9, instance:com.buddi.hdportal.tests.HDPortalManagementTest@6adede5]" name="deleteDuplicateUserGroup" class="com.buddi.hdportal.tests.HDPortalManagementTest"/>
        <method signature="HDPortalManagementTest.duplicateUserGroup()[pri:7, instance:com.buddi.hdportal.tests.HDPortalManagementTest@6adede5]" name="duplicateUserGroup" class="com.buddi.hdportal.tests.HDPortalManagementTest"/>
        <method signature="HDPortalManagementTest.expandManagementMenu()[pri:4, instance:com.buddi.hdportal.tests.HDPortalManagementTest@6adede5]" name="expandManagementMenu" class="com.buddi.hdportal.tests.HDPortalManagementTest"/>
      </group> <!-- Smoke -->
    </groups>
    <test name="Test" duration-ms="32002" started-at="2020-06-14T06:52:04Z" finished-at="2020-06-14T06:52:36Z">
      <class name="com.buddi.hdportal.tests.HDPortalLoginTest">
        <test-method status="PASS" signature="setUp(java.lang.String, java.lang.String)[pri:0, instance:com.buddi.hdportal.tests.HDPortalLoginTest@29ca901e]" name="setUp" is-config="true" duration-ms="7644" started-at="2020-06-14T12:21:56Z" finished-at="2020-06-14T12:22:04Z">
          <params>
            <param index="0">
              <value>
                <![CDATA[chromedriver]]>
              </value>
            </param>
            <param index="1">
              <value>
                <![CDATA[ChromeSuite]]>
              </value>
            </param>
          </params>
          <reporter-output>
          </reporter-output>
        </test-method> <!-- setUp -->
        <test-method status="PASS" signature="initialize(java.lang.String)[pri:0, instance:com.buddi.hdportal.tests.HDPortalLoginTest@29ca901e]" name="initialize" is-config="true" duration-ms="44" started-at="2020-06-14T12:22:04Z" finished-at="2020-06-14T12:22:04Z">
          <params>
            <param index="0">
              <value>
                <![CDATA[ChromeSuite]]>
              </value>
            </param>
          </params>
          <reporter-output>
          </reporter-output>
        </test-method> <!-- initialize -->
        <test-method status="PASS" signature="launchHDPortal()[pri:0, instance:com.buddi.hdportal.tests.HDPortalLoginTest@29ca901e]" name="launchHDPortal" duration-ms="5113" started-at="2020-06-14T12:22:04Z" finished-at="2020-06-14T12:22:09Z">
          <reporter-output>
            <line>
              <![CDATA[Launching HD Portal...]]>
            </line>
            <line>
              <![CDATA[Launched HD Portal...]]>
            </line>
          </reporter-output>
        </test-method> <!-- launchHDPortal -->
        <test-method status="PASS" signature="loginHDPortal()[pri:1, instance:com.buddi.hdportal.tests.HDPortalLoginTest@29ca901e]" name="loginHDPortal" duration-ms="10615" started-at="2020-06-14T12:22:09Z" finished-at="2020-06-14T12:22:20Z">
          <reporter-output>
          </reporter-output>
        </test-method> <!-- loginHDPortal -->
        <test-method status="PASS" signature="clean()[pri:0, instance:com.buddi.hdportal.tests.HDPortalLoginTest@29ca901e]" name="clean" is-config="true" duration-ms="5059" started-at="2020-06-14T12:22:36Z" finished-at="2020-06-14T12:22:42Z">
          <reporter-output>
          </reporter-output>
        </test-method> <!-- clean -->
      </class> <!-- com.buddi.hdportal.tests.HDPortalLoginTest -->
      <class name="com.buddi.hdportal.tests.HDPortalManagementTest">
        <test-method status="PASS" signature="initialize(java.lang.String)[pri:0, instance:com.buddi.hdportal.tests.HDPortalManagementTest@6adede5]" name="initialize" is-config="true" duration-ms="3" started-at="2020-06-14T12:22:25Z" finished-at="2020-06-14T12:22:25Z">
          <params>
            <param index="0">
              <value>
                <![CDATA[ChromeSuite]]>
              </value>
            </param>
          </params>
          <reporter-output>
          </reporter-output>
        </test-method> <!-- initialize -->
        <test-method status="PASS" signature="expandManagementMenu()[pri:4, instance:com.buddi.hdportal.tests.HDPortalManagementTest@6adede5]" name="expandManagementMenu" duration-ms="88" started-at="2020-06-14T12:22:25Z" finished-at="2020-06-14T12:22:25Z">
          <reporter-output>
          </reporter-output>
        </test-method> <!-- expandManagementMenu -->
        <test-method status="PASS" signature="clickUserGroupsMenuItem()[pri:5, instance:com.buddi.hdportal.tests.HDPortalManagementTest@6adede5]" name="clickUserGroupsMenuItem" duration-ms="807" started-at="2020-06-14T12:22:25Z" finished-at="2020-06-14T12:22:26Z">
          <reporter-output>
          </reporter-output>
        </test-method> <!-- clickUserGroupsMenuItem -->
        <test-method status="PASS" signature="addUserGroup()[pri:6, instance:com.buddi.hdportal.tests.HDPortalManagementTest@6adede5]" name="addUserGroup" duration-ms="624" started-at="2020-06-14T12:22:26Z" finished-at="2020-06-14T12:22:27Z">
          <reporter-output>
          </reporter-output>
        </test-method> <!-- addUserGroup -->
        <test-method status="PASS" signature="duplicateUserGroup()[pri:7, instance:com.buddi.hdportal.tests.HDPortalManagementTest@6adede5]" name="duplicateUserGroup" duration-ms="3581" started-at="2020-06-14T12:22:27Z" finished-at="2020-06-14T12:22:30Z">
          <reporter-output>
          </reporter-output>
        </test-method> <!-- duplicateUserGroup -->
        <test-method status="PASS" signature="deleteCreatedUserGroup()[pri:8, instance:com.buddi.hdportal.tests.HDPortalManagementTest@6adede5]" name="deleteCreatedUserGroup" duration-ms="2935" started-at="2020-06-14T12:22:30Z" finished-at="2020-06-14T12:22:33Z">
          <reporter-output>
          </reporter-output>
        </test-method> <!-- deleteCreatedUserGroup -->
        <test-method status="PASS" signature="deleteDuplicateUserGroup()[pri:9, instance:com.buddi.hdportal.tests.HDPortalManagementTest@6adede5]" name="deleteDuplicateUserGroup" duration-ms="2963" started-at="2020-06-14T12:22:33Z" finished-at="2020-06-14T12:22:36Z">
          <reporter-output>
          </reporter-output>
        </test-method> <!-- deleteDuplicateUserGroup -->
      </class> <!-- com.buddi.hdportal.tests.HDPortalManagementTest -->
      <class name="com.buddi.hdportal.tests.HDPortalHomeTest">
        <test-method status="PASS" signature="initialize(java.lang.String)[pri:0, instance:com.buddi.hdportal.tests.HDPortalHomeTest@5649fd9b]" name="initialize" is-config="true" duration-ms="4" started-at="2020-06-14T12:22:20Z" finished-at="2020-06-14T12:22:20Z">
          <params>
            <param index="0">
              <value>
                <![CDATA[ChromeSuite]]>
              </value>
            </param>
          </params>
          <reporter-output>
          </reporter-output>
        </test-method> <!-- initialize -->
        <test-method status="PASS" signature="verifyHelpDeskTitle()[pri:3, instance:com.buddi.hdportal.tests.HDPortalHomeTest@5649fd9b]" name="verifyHelpDeskTitle" duration-ms="5124" started-at="2020-06-14T12:22:20Z" finished-at="2020-06-14T12:22:25Z">
          <reporter-output>
            <line>
              <![CDATA[Launching HD Portal home page...]]>
            </line>
            <line>
              <![CDATA[Launched HD Portal home page...]]>
            </line>
          </reporter-output>
        </test-method> <!-- verifyHelpDeskTitle -->
      </class> <!-- com.buddi.hdportal.tests.HDPortalHomeTest -->
    </test> <!-- Test -->
  </suite> <!-- Suite -->
</testng-results>
