<?xml version="1.0" encoding="UTF-8"?>
<testng-results skipped="0" failed="0" ignored="0" total="4" passed="4">
  <reporter-output>
  </reporter-output>
  <suite name="Suite" duration-ms="58" started-at="2020-05-11T10:10:56Z" finished-at="2020-05-11T10:10:56Z">
    <groups>
    </groups>
    <test name="Test" duration-ms="58" started-at="2020-05-11T10:10:56Z" finished-at="2020-05-11T10:10:56Z">
      <class name="com.buddi.colombiaapp.testngexample.testngexample2">
        <test-method status="PASS" signature="testA()[pri:0, instance:com.buddi.colombiaapp.testngexample.testngexample2@1ce92674]" name="testA" duration-ms="10" started-at="2020-05-11T10:10:56Z" finished-at="2020-05-11T10:10:56Z">
          <reporter-output>
          </reporter-output>
        </test-method> <!-- testA -->
        <test-method status="PASS" signature="testB()[pri:1, instance:com.buddi.colombiaapp.testngexample.testngexample2@1ce92674]" name="testB" duration-ms="2" started-at="2020-05-11T10:10:56Z" finished-at="2020-05-11T10:10:56Z">
          <reporter-output>
          </reporter-output>
        </test-method> <!-- testB -->
      </class> <!-- com.buddi.colombiaapp.testngexample.testngexample2 -->
      <class name="com.buddi.colombiaapp.testngexample.testngexample1">
        <test-method status="PASS" signature="test1()[pri:0, instance:com.buddi.colombiaapp.testngexample.testngexample1@7085bdee]" name="test1" duration-ms="10" started-at="2020-05-11T10:10:56Z" finished-at="2020-05-11T10:10:56Z">
          <reporter-output>
          </reporter-output>
        </test-method> <!-- test1 -->
        <test-method status="PASS" signature="test2()[pri:1, instance:com.buddi.colombiaapp.testngexample.testngexample1@7085bdee]" name="test2" duration-ms="1" started-at="2020-05-11T10:10:56Z" finished-at="2020-05-11T10:10:56Z">
          <reporter-output>
          </reporter-output>
        </test-method> <!-- test2 -->
      </class> <!-- com.buddi.colombiaapp.testngexample.testngexample1 -->
    </test> <!-- Test -->
  </suite> <!-- Suite -->
</testng-results>
