<?xml version="1.0" encoding="UTF-8"?>
<testng-results skipped="0" failed="1" ignored="2" total="10" passed="7">
  <reporter-output>
    <line>
      <![CDATA[Launching HD Portal...]]>
    </line>
    <line>
      <![CDATA[Launched HD Portal...]]>
    </line>
    <line>
      <![CDATA[Launching app...]]>
    </line>
    <line>
      <![CDATA[Launched app...]]>
    </line>
    <line>
      <![CDATA[Launching HD Portal home page...]]>
    </line>
    <line>
      <![CDATA[Launched HD Portal home page...]]>
    </line>
    <line>
      <![CDATA[Logged out app...]]>
    </line>
  </reporter-output>
  <suite name="Suite" duration-ms="59424" started-at="2020-05-08T12:32:40Z" finished-at="2020-05-08T12:33:40Z">
    <groups>
    </groups>
    <test name="Test" duration-ms="59424" started-at="2020-05-08T12:32:40Z" finished-at="2020-05-08T12:33:40Z">
      <class name="com.buddi.hdportal.tests.HDPortalLoginTest">
        <test-method status="PASS" signature="initialize(java.lang.String)[pri:0, instance:com.buddi.hdportal.tests.HDPortalLoginTest@20322d26]" name="initialize" is-config="true" duration-ms="482" started-at="2020-05-08T12:32:40Z" finished-at="2020-05-08T12:32:41Z">
          <params>
            <param index="0">
              <value>
                <![CDATA[ChromeSuite]]>
              </value>
            </param>
          </params>
          <reporter-output>
          </reporter-output>
        </test-method> <!-- initialize -->
        <test-method status="PASS" signature="launchHDPortal()[pri:0, instance:com.buddi.hdportal.tests.HDPortalLoginTest@20322d26]" name="launchHDPortal" duration-ms="5012" started-at="2020-05-08T12:32:41Z" finished-at="2020-05-08T12:32:46Z">
          <reporter-output>
            <line>
              <![CDATA[Launching HD Portal...]]>
            </line>
            <line>
              <![CDATA[Launched HD Portal...]]>
            </line>
          </reporter-output>
        </test-method> <!-- launchHDPortal -->
        <test-method status="PASS" signature="loginHDPortal()[pri:1, instance:com.buddi.hdportal.tests.HDPortalLoginTest@20322d26]" name="loginHDPortal" duration-ms="12308" started-at="2020-05-08T12:32:46Z" finished-at="2020-05-08T12:32:58Z">
          <reporter-output>
          </reporter-output>
        </test-method> <!-- loginHDPortal -->
      </class> <!-- com.buddi.hdportal.tests.HDPortalLoginTest -->
      <class name="com.buddi.hdportal.tests.HDPortalHomeTest">
        <test-method status="PASS" signature="initialize(java.lang.String)[pri:0, instance:com.buddi.hdportal.tests.HDPortalHomeTest@192b07fd]" name="initialize" is-config="true" duration-ms="5" started-at="2020-05-08T12:33:13Z" finished-at="2020-05-08T12:33:13Z">
          <params>
            <param index="0">
              <value>
                <![CDATA[ChromeSuite]]>
              </value>
            </param>
          </params>
          <reporter-output>
          </reporter-output>
        </test-method> <!-- initialize -->
        <test-method status="PASS" signature="verifyHelpDeskTitle()[pri:3, instance:com.buddi.hdportal.tests.HDPortalHomeTest@192b07fd]" name="verifyHelpDeskTitle" duration-ms="5072" started-at="2020-05-08T12:33:13Z" finished-at="2020-05-08T12:33:19Z">
          <reporter-output>
            <line>
              <![CDATA[Launching HD Portal home page...]]>
            </line>
            <line>
              <![CDATA[Launched HD Portal home page...]]>
            </line>
          </reporter-output>
        </test-method> <!-- verifyHelpDeskTitle -->
      </class> <!-- com.buddi.hdportal.tests.HDPortalHomeTest -->
      <class name="com.buddi.colombiaapp.tests.LoginColombiaAppTest">
        <test-method status="PASS" signature="startAppriumServer()[pri:0, instance:com.buddi.colombiaapp.tests.LoginColombiaAppTest@49993335]" name="startAppriumServer" is-config="true" duration-ms="68324" started-at="2020-05-08T12:31:15Z" finished-at="2020-05-08T12:32:23Z">
          <reporter-output>
          </reporter-output>
        </test-method> <!-- startAppriumServer -->
        <test-method status="PASS" signature="setUp(java.lang.String, java.lang.String)[pri:0, instance:com.buddi.hdportal.tests.HDPortalLoginTest@20322d26]" name="setUp" is-config="true" duration-ms="17081" started-at="2020-05-08T12:32:23Z" finished-at="2020-05-08T12:32:40Z">
          <params>
            <param index="0">
              <value>
                <![CDATA[chromedriver]]>
              </value>
            </param>
            <param index="1">
              <value>
                <![CDATA[ChromeSuite]]>
              </value>
            </param>
          </params>
          <reporter-output>
          </reporter-output>
        </test-method> <!-- setUp -->
        <test-method status="PASS" signature="getAppHomeScreenMainTitle()[pri:0, instance:com.buddi.colombiaapp.tests.LoginColombiaAppTest@49993335]" name="getAppHomeScreenMainTitle" duration-ms="960" started-at="2020-05-08T12:32:40Z" finished-at="2020-05-08T12:32:41Z">
          <reporter-output>
          </reporter-output>
        </test-method> <!-- getAppHomeScreenMainTitle -->
        <test-method status="PASS" signature="getAppHomeScreenSubTitle()[pri:1, instance:com.buddi.colombiaapp.tests.LoginColombiaAppTest@49993335]" name="getAppHomeScreenSubTitle" duration-ms="319" started-at="2020-05-08T12:32:46Z" finished-at="2020-05-08T12:32:46Z">
          <reporter-output>
          </reporter-output>
        </test-method> <!-- getAppHomeScreenSubTitle -->
        <test-method status="PASS" signature="loginColombiaApp()[pri:2, instance:com.buddi.colombiaapp.tests.LoginColombiaAppTest@49993335]" name="loginColombiaApp" duration-ms="15155" started-at="2020-05-08T12:32:58Z" finished-at="2020-05-08T12:33:13Z">
          <reporter-output>
            <line>
              <![CDATA[Launching app...]]>
            </line>
            <line>
              <![CDATA[Launched app...]]>
            </line>
          </reporter-output>
        </test-method> <!-- loginColombiaApp -->
        <test-method status="FAIL" signature="verifyNoJobsScheduledText()[pri:3, instance:com.buddi.colombiaapp.tests.LoginColombiaAppTest@49993335]" name="verifyNoJobsScheduledText" duration-ms="20966" started-at="2020-05-08T12:33:13Z" finished-at="2020-05-08T12:33:34Z">
          <exception class="org.openqa.selenium.NoSuchElementException">
            <message>
              <![CDATA[An element could not be located on the page using the given search parameters.
For documentation on this error, please visit: https://www.seleniumhq.org/exceptions/no_such_element.html
Build info: version: '3.141.59', revision: 'e82be7d358', time: '2018-11-14T08:25:53'
System info: host: 'LAPTOP-I3V0BKGE', ip: '10.0.0.4', os.name: 'Windows 10', os.arch: 'amd64', os.version: '10.0', java.version: '1.8.0_221'
Driver info: io.appium.java_client.android.AndroidDriver
Capabilities {AndroidMobileCapabilityType.APP_ACTIVITY: .MainActivity, AndroidMobileCapabilityType.APP_PACKAGE: com.buddi.columbia.debug, app: C:\Users\irfan\git\colombia..., appPackage: com.buddi.columbia.debug, appWaitActivity: ***, autoAcceptAlerts: true, autoGrantPermissions: true, automationName: UiAutomator2, databaseEnabled: false, desired: {AndroidMobileCapabilityType.APP_ACTIVITY: .MainActivity, AndroidMobileCapabilityType.APP_PACKAGE: com.buddi.columbia.debug, app: C:\Users\irfan\git\colombia..., appWaitActivity: ***, autoAcceptAlerts: true, autoGrantPermissions: true, automationName: UiAutomator2, deviceName: SampleEmulator, fullReset: false, newCommandTimeout: 100, noReset: true, platformName: android, takesScreenshot: true}, deviceApiLevel: 28, deviceManufacturer: Google, deviceModel: AOSP on IA Emulator, deviceName: emulator-5554, deviceScreenDensity: 420, deviceScreenSize: 1080x1920, deviceUDID: emulator-5554, fullReset: false, javascriptEnabled: true, locationContextEnabled: false, networkConnectionEnabled: true, newCommandTimeout: 100, noReset: true, pixelRatio: 2.625, platform: LINUX, platformName: Android, platformVersion: 9, statBarHeight: 63, takesScreenshot: true, viewportRect: {height: 1731, left: 0, top: 63, width: 1080}, warnings: {}, webStorageEnabled: false}
Session ID: 1a45c4f3-7763-4cd8-b861-92756ad1db15
*** Element info: {Using=id, value=txt_no_jobs}]]>
            </message>
            <full-stacktrace>
              <![CDATA[org.openqa.selenium.NoSuchElementException: An element could not be located on the page using the given search parameters.
For documentation on this error, please visit: https://www.seleniumhq.org/exceptions/no_such_element.html
Build info: version: '3.141.59', revision: 'e82be7d358', time: '2018-11-14T08:25:53'
System info: host: 'LAPTOP-I3V0BKGE', ip: '10.0.0.4', os.name: 'Windows 10', os.arch: 'amd64', os.version: '10.0', java.version: '1.8.0_221'
Driver info: io.appium.java_client.android.AndroidDriver
Capabilities {AndroidMobileCapabilityType.APP_ACTIVITY: .MainActivity, AndroidMobileCapabilityType.APP_PACKAGE: com.buddi.columbia.debug, app: C:\Users\irfan\git\colombia..., appPackage: com.buddi.columbia.debug, appWaitActivity: ***, autoAcceptAlerts: true, autoGrantPermissions: true, automationName: UiAutomator2, databaseEnabled: false, desired: {AndroidMobileCapabilityType.APP_ACTIVITY: .MainActivity, AndroidMobileCapabilityType.APP_PACKAGE: com.buddi.columbia.debug, app: C:\Users\irfan\git\colombia..., appWaitActivity: ***, autoAcceptAlerts: true, autoGrantPermissions: true, automationName: UiAutomator2, deviceName: SampleEmulator, fullReset: false, newCommandTimeout: 100, noReset: true, platformName: android, takesScreenshot: true}, deviceApiLevel: 28, deviceManufacturer: Google, deviceModel: AOSP on IA Emulator, deviceName: emulator-5554, deviceScreenDensity: 420, deviceScreenSize: 1080x1920, deviceUDID: emulator-5554, fullReset: false, javascriptEnabled: true, locationContextEnabled: false, networkConnectionEnabled: true, newCommandTimeout: 100, noReset: true, pixelRatio: 2.625, platform: LINUX, platformName: Android, platformVersion: 9, statBarHeight: 63, takesScreenshot: true, viewportRect: {height: 1731, left: 0, top: 63, width: 1080}, warnings: {}, webStorageEnabled: false}
Session ID: 1a45c4f3-7763-4cd8-b861-92756ad1db15
*** Element info: {Using=id, value=txt_no_jobs}
at sun.reflect.NativeConstructorAccessorImpl.newInstance0(Native Method)
at sun.reflect.NativeConstructorAccessorImpl.newInstance(NativeConstructorAccessorImpl.java:62)
at sun.reflect.DelegatingConstructorAccessorImpl.newInstance(DelegatingConstructorAccessorImpl.java:45)
at java.lang.reflect.Constructor.newInstance(Constructor.java:423)
at org.openqa.selenium.remote.http.W3CHttpResponseCodec.createException(W3CHttpResponseCodec.java:187)
at org.openqa.selenium.remote.http.W3CHttpResponseCodec.decode(W3CHttpResponseCodec.java:122)
at org.openqa.selenium.remote.http.W3CHttpResponseCodec.decode(W3CHttpResponseCodec.java:49)
at org.openqa.selenium.remote.HttpCommandExecutor.execute(HttpCommandExecutor.java:158)
at io.appium.java_client.remote.AppiumCommandExecutor.execute(AppiumCommandExecutor.java:239)
at org.openqa.selenium.remote.RemoteWebDriver.execute(RemoteWebDriver.java:552)
at io.appium.java_client.DefaultGenericMobileDriver.execute(DefaultGenericMobileDriver.java:41)
at io.appium.java_client.AppiumDriver.execute(AppiumDriver.java:1)
at io.appium.java_client.android.AndroidDriver.execute(AndroidDriver.java:1)
at org.openqa.selenium.remote.RemoteWebDriver.findElement(RemoteWebDriver.java:323)
at io.appium.java_client.DefaultGenericMobileDriver.findElement(DefaultGenericMobileDriver.java:61)
at io.appium.java_client.AppiumDriver.findElement(AppiumDriver.java:1)
at io.appium.java_client.android.AndroidDriver.findElement(AndroidDriver.java:1)
at org.openqa.selenium.remote.RemoteWebDriver.findElementById(RemoteWebDriver.java:372)
at io.appium.java_client.DefaultGenericMobileDriver.findElementById(DefaultGenericMobileDriver.java:69)
at io.appium.java_client.AppiumDriver.findElementById(AppiumDriver.java:1)
at io.appium.java_client.android.AndroidDriver.findElementById(AndroidDriver.java:1)
at org.openqa.selenium.By$ById.findElement(By.java:188)
at org.openqa.selenium.remote.RemoteWebDriver.findElement(RemoteWebDriver.java:315)
at io.appium.java_client.DefaultGenericMobileDriver.findElement(DefaultGenericMobileDriver.java:57)
at io.appium.java_client.AppiumDriver.findElement(AppiumDriver.java:1)
at io.appium.java_client.android.AndroidDriver.findElement(AndroidDriver.java:1)
at org.openqa.selenium.support.pagefactory.DefaultElementLocator.findElement(DefaultElementLocator.java:69)
at org.openqa.selenium.support.pagefactory.internal.LocatingElementHandler.invoke(LocatingElementHandler.java:38)
at com.sun.proxy.$Proxy12.getText(Unknown Source)
at com.buddi.colombiapp.pages.LoginColombiaAppPage.getNoJobsText(LoginColombiaAppPage.java:94)
at com.buddi.colombiaapp.tests.LoginColombiaAppTest.verifyNoJobsScheduledText(LoginColombiaAppTest.java:49)
at sun.reflect.NativeMethodAccessorImpl.invoke0(Native Method)
at sun.reflect.NativeMethodAccessorImpl.invoke(NativeMethodAccessorImpl.java:62)
at sun.reflect.DelegatingMethodAccessorImpl.invoke(DelegatingMethodAccessorImpl.java:43)
at java.lang.reflect.Method.invoke(Method.java:498)
at org.testng.internal.MethodInvocationHelper.invokeMethod(MethodInvocationHelper.java:124)
at org.testng.internal.Invoker.invokeMethod(Invoker.java:583)
at org.testng.internal.Invoker.invokeTestMethod(Invoker.java:719)
at org.testng.internal.Invoker.invokeTestMethods(Invoker.java:989)
at org.testng.internal.TestMethodWorker.invokeTestMethods(TestMethodWorker.java:125)
at org.testng.internal.TestMethodWorker.run(TestMethodWorker.java:109)
at java.util.concurrent.ThreadPoolExecutor.runWorker(ThreadPoolExecutor.java:1149)
at java.util.concurrent.ThreadPoolExecutor$Worker.run(ThreadPoolExecutor.java:624)
at java.lang.Thread.run(Thread.java:748)
]]>
            </full-stacktrace>
          </exception> <!-- org.openqa.selenium.NoSuchElementException -->
          <reporter-output>
          </reporter-output>
        </test-method> <!-- verifyNoJobsScheduledText -->
        <test-method status="PASS" signature="logOutColombiaApp()[pri:4, instance:com.buddi.colombiaapp.tests.LoginColombiaAppTest@49993335]" name="logOutColombiaApp" duration-ms="5088" started-at="2020-05-08T12:33:35Z" finished-at="2020-05-08T12:33:40Z">
          <reporter-output>
            <line>
              <![CDATA[Logged out app...]]>
            </line>
          </reporter-output>
        </test-method> <!-- logOutColombiaApp -->
        <test-method status="PASS" signature="stopAppiumServer()[pri:0, instance:com.buddi.colombiaapp.tests.LoginColombiaAppTest@49993335]" name="stopAppiumServer" is-config="true" duration-ms="51" started-at="2020-05-08T12:33:41Z" finished-at="2020-05-08T12:33:41Z">
          <reporter-output>
          </reporter-output>
        </test-method> <!-- stopAppiumServer -->
        <test-method status="PASS" signature="clean()[pri:0, instance:com.buddi.hdportal.tests.HDPortalLoginTest@20322d26]" name="clean" is-config="true" duration-ms="22801" started-at="2020-05-08T12:33:41Z" finished-at="2020-05-08T12:34:04Z">
          <reporter-output>
          </reporter-output>
        </test-method> <!-- clean -->
      </class> <!-- com.buddi.colombiaapp.tests.LoginColombiaAppTest -->
    </test> <!-- Test -->
  </suite> <!-- Suite -->
</testng-results>
