<?xml version="1.0" encoding="UTF-8"?>
<testng-results skipped="0" failed="2" ignored="4" total="11" passed="5">
  <reporter-output>
    <line>
      <![CDATA[Launching HD Portal...]]>
    </line>
    <line>
      <![CDATA[Launched HD Portal...]]>
    </line>
    <line>
      <![CDATA[Launching HD Portal home page...]]>
    </line>
  </reporter-output>
  <suite name="Suite" duration-ms="32793" started-at="2020-06-10T06:19:54Z" finished-at="2020-06-10T06:20:27Z">
    <groups>
      <group name="Smoke">
        <method signature="HDPortalManagementTest.addUserGroup()[pri:6, instance:com.buddi.hdportal.tests.HDPortalManagementTest@5702b3b1]" name="addUserGroup" class="com.buddi.hdportal.tests.HDPortalManagementTest"/>
        <method signature="HDPortalManagementTest.clickUserGroupsMenuItem()[pri:5, instance:com.buddi.hdportal.tests.HDPortalManagementTest@5702b3b1]" name="clickUserGroupsMenuItem" class="com.buddi.hdportal.tests.HDPortalManagementTest"/>
        <method signature="HDPortalManagementTest.deleteCreatedUserGroup()[pri:7, instance:com.buddi.hdportal.tests.HDPortalManagementTest@5702b3b1]" name="deleteCreatedUserGroup" class="com.buddi.hdportal.tests.HDPortalManagementTest"/>
        <method signature="HDPortalManagementTest.expandManagementMenu()[pri:4, instance:com.buddi.hdportal.tests.HDPortalManagementTest@5702b3b1]" name="expandManagementMenu" class="com.buddi.hdportal.tests.HDPortalManagementTest"/>
      </group> <!-- Smoke -->
    </groups>
    <test name="Test" duration-ms="32793" started-at="2020-06-10T06:19:54Z" finished-at="2020-06-10T06:20:27Z">
      <class name="com.buddi.hdportal.tests.HDPortalLoginTest">
        <test-method status="PASS" signature="setUp(java.lang.String, java.lang.String)[pri:0, instance:com.buddi.hdportal.tests.HDPortalLoginTest@ff5b51f]" name="setUp" is-config="true" duration-ms="7562" started-at="2020-06-10T11:49:46Z" finished-at="2020-06-10T11:49:54Z">
          <params>
            <param index="0">
              <value>
                <![CDATA[chromedriver]]>
              </value>
            </param>
            <param index="1">
              <value>
                <![CDATA[ChromeSuite]]>
              </value>
            </param>
          </params>
          <reporter-output>
          </reporter-output>
        </test-method> <!-- setUp -->
        <test-method status="PASS" signature="initialize(java.lang.String)[pri:0, instance:com.buddi.hdportal.tests.HDPortalLoginTest@ff5b51f]" name="initialize" is-config="true" duration-ms="26" started-at="2020-06-10T11:49:54Z" finished-at="2020-06-10T11:49:54Z">
          <params>
            <param index="0">
              <value>
                <![CDATA[ChromeSuite]]>
              </value>
            </param>
          </params>
          <reporter-output>
          </reporter-output>
        </test-method> <!-- initialize -->
        <test-method status="PASS" signature="launchHDPortal()[pri:0, instance:com.buddi.hdportal.tests.HDPortalLoginTest@ff5b51f]" name="launchHDPortal" duration-ms="5013" started-at="2020-06-10T11:49:54Z" finished-at="2020-06-10T11:49:59Z">
          <reporter-output>
            <line>
              <![CDATA[Launching HD Portal...]]>
            </line>
            <line>
              <![CDATA[Launched HD Portal...]]>
            </line>
          </reporter-output>
        </test-method> <!-- launchHDPortal -->
        <test-method status="PASS" signature="loginHDPortal()[pri:1, instance:com.buddi.hdportal.tests.HDPortalLoginTest@ff5b51f]" name="loginHDPortal" duration-ms="10703" started-at="2020-06-10T11:49:59Z" finished-at="2020-06-10T11:50:10Z">
          <reporter-output>
          </reporter-output>
        </test-method> <!-- loginHDPortal -->
        <test-method status="PASS" signature="clean()[pri:0, instance:com.buddi.hdportal.tests.HDPortalLoginTest@ff5b51f]" name="clean" is-config="true" duration-ms="5500" started-at="2020-06-10T11:50:27Z" finished-at="2020-06-10T11:50:32Z">
          <reporter-output>
          </reporter-output>
        </test-method> <!-- clean -->
      </class> <!-- com.buddi.hdportal.tests.HDPortalLoginTest -->
      <class name="com.buddi.hdportal.tests.HDPortalManagementTest">
        <test-method status="PASS" signature="initialize(java.lang.String)[pri:0, instance:com.buddi.hdportal.tests.HDPortalManagementTest@5702b3b1]" name="initialize" is-config="true" duration-ms="3" started-at="2020-06-10T11:50:15Z" finished-at="2020-06-10T11:50:15Z">
          <params>
            <param index="0">
              <value>
                <![CDATA[ChromeSuite]]>
              </value>
            </param>
          </params>
          <reporter-output>
          </reporter-output>
        </test-method> <!-- initialize -->
        <test-method status="PASS" signature="expandManagementMenu()[pri:4, instance:com.buddi.hdportal.tests.HDPortalManagementTest@5702b3b1]" name="expandManagementMenu" duration-ms="93" started-at="2020-06-10T11:50:15Z" finished-at="2020-06-10T11:50:15Z">
          <reporter-output>
          </reporter-output>
        </test-method> <!-- expandManagementMenu -->
        <test-method status="PASS" signature="clickUserGroupsMenuItem()[pri:5, instance:com.buddi.hdportal.tests.HDPortalManagementTest@5702b3b1]" name="clickUserGroupsMenuItem" duration-ms="815" started-at="2020-06-10T11:50:15Z" finished-at="2020-06-10T11:50:16Z">
          <reporter-output>
          </reporter-output>
        </test-method> <!-- clickUserGroupsMenuItem -->
        <test-method status="PASS" signature="addUserGroup()[pri:6, instance:com.buddi.hdportal.tests.HDPortalManagementTest@5702b3b1]" name="addUserGroup" duration-ms="10506" started-at="2020-06-10T11:50:16Z" finished-at="2020-06-10T11:50:26Z">
          <reporter-output>
          </reporter-output>
        </test-method> <!-- addUserGroup -->
        <test-method status="FAIL" signature="deleteCreatedUserGroup()[pri:7, instance:com.buddi.hdportal.tests.HDPortalManagementTest@5702b3b1]" name="deleteCreatedUserGroup" duration-ms="496" started-at="2020-06-10T11:50:26Z" finished-at="2020-06-10T11:50:27Z">
          <exception class="org.openqa.selenium.StaleElementReferenceException">
            <message>
              <![CDATA[stale element reference: element is not attached to the page document
  (Session info: chrome=81.0.4044.92)
For documentation on this error, please visit: https://www.seleniumhq.org/exceptions/stale_element_reference.html
Build info: version: '3.141.59', revision: 'e82be7d358', time: '2018-11-14T08:25:53'
System info: host: 'LAPTOP-I3V0BKGE', ip: '10.0.0.10', os.name: 'Windows 10', os.arch: 'amd64', os.version: '10.0', java.version: '1.8.0_221'
Driver info: org.openqa.selenium.chrome.ChromeDriver
Capabilities {acceptInsecureCerts: false, browserName: chrome, browserVersion: 81.0.4044.92, chrome: {chromedriverVersion: 81.0.4044.138 (8c6c7ba89cc9..., userDataDir: C:\Users\irfan\AppData\Loca...}, goog:chromeOptions: {debuggerAddress: localhost:61677}, javascriptEnabled: true, networkConnectionEnabled: false, pageLoadStrategy: eager, platform: WINDOWS, platformName: WINDOWS, proxy: Proxy(), setWindowRect: true, strictFileInteractability: false, timeouts: {implicit: 0, pageLoad: 300000, script: 30000}, unhandledPromptBehavior: dismiss and notify, webauthn:virtualAuthenticators: true}
Session ID: ba4e33dc0cd3906a222ab810ca5aa69e]]>
            </message>
            <full-stacktrace>
              <![CDATA[org.openqa.selenium.StaleElementReferenceException: stale element reference: element is not attached to the page document
  (Session info: chrome=81.0.4044.92)
For documentation on this error, please visit: https://www.seleniumhq.org/exceptions/stale_element_reference.html
Build info: version: '3.141.59', revision: 'e82be7d358', time: '2018-11-14T08:25:53'
System info: host: 'LAPTOP-I3V0BKGE', ip: '10.0.0.10', os.name: 'Windows 10', os.arch: 'amd64', os.version: '10.0', java.version: '1.8.0_221'
Driver info: org.openqa.selenium.chrome.ChromeDriver
Capabilities {acceptInsecureCerts: false, browserName: chrome, browserVersion: 81.0.4044.92, chrome: {chromedriverVersion: 81.0.4044.138 (8c6c7ba89cc9..., userDataDir: C:\Users\irfan\AppData\Loca...}, goog:chromeOptions: {debuggerAddress: localhost:61677}, javascriptEnabled: true, networkConnectionEnabled: false, pageLoadStrategy: eager, platform: WINDOWS, platformName: WINDOWS, proxy: Proxy(), setWindowRect: true, strictFileInteractability: false, timeouts: {implicit: 0, pageLoad: 300000, script: 30000}, unhandledPromptBehavior: dismiss and notify, webauthn:virtualAuthenticators: true}
Session ID: ba4e33dc0cd3906a222ab810ca5aa69e
	at sun.reflect.NativeConstructorAccessorImpl.newInstance0(Native Method)
	at sun.reflect.NativeConstructorAccessorImpl.newInstance(NativeConstructorAccessorImpl.java:62)
	at sun.reflect.DelegatingConstructorAccessorImpl.newInstance(DelegatingConstructorAccessorImpl.java:45)
	at java.lang.reflect.Constructor.newInstance(Constructor.java:423)
	at org.openqa.selenium.remote.http.W3CHttpResponseCodec.createException(W3CHttpResponseCodec.java:187)
	at org.openqa.selenium.remote.http.W3CHttpResponseCodec.decode(W3CHttpResponseCodec.java:122)
	at org.openqa.selenium.remote.http.W3CHttpResponseCodec.decode(W3CHttpResponseCodec.java:49)
	at org.openqa.selenium.remote.HttpCommandExecutor.execute(HttpCommandExecutor.java:158)
	at org.openqa.selenium.remote.service.DriverCommandExecutor.execute(DriverCommandExecutor.java:83)
	at org.openqa.selenium.remote.RemoteWebDriver.execute(RemoteWebDriver.java:552)
	at org.openqa.selenium.remote.RemoteWebElement.execute(RemoteWebElement.java:285)
	at org.openqa.selenium.remote.RemoteWebElement.click(RemoteWebElement.java:84)
	at sun.reflect.NativeMethodAccessorImpl.invoke0(Native Method)
	at sun.reflect.NativeMethodAccessorImpl.invoke(NativeMethodAccessorImpl.java:62)
	at sun.reflect.DelegatingMethodAccessorImpl.invoke(DelegatingMethodAccessorImpl.java:43)
	at java.lang.reflect.Method.invoke(Method.java:498)
	at org.openqa.selenium.support.pagefactory.internal.LocatingElementHandler.invoke(LocatingElementHandler.java:51)
	at com.sun.proxy.$Proxy12.click(Unknown Source)
	at com.buddi.hdportal.pages.HDPortalManagementPage.deleteUserGroup(HDPortalManagementPage.java:154)
	at com.buddi.hdportal.tests.HDPortalManagementTest.deleteCreatedUserGroup(HDPortalManagementTest.java:44)
	at sun.reflect.NativeMethodAccessorImpl.invoke0(Native Method)
	at sun.reflect.NativeMethodAccessorImpl.invoke(NativeMethodAccessorImpl.java:62)
	at sun.reflect.DelegatingMethodAccessorImpl.invoke(DelegatingMethodAccessorImpl.java:43)
	at java.lang.reflect.Method.invoke(Method.java:498)
	at org.testng.internal.MethodInvocationHelper.invokeMethod(MethodInvocationHelper.java:108)
	at org.testng.internal.Invoker.invokeMethod(Invoker.java:661)
	at org.testng.internal.Invoker.invokeTestMethod(Invoker.java:869)
	at org.testng.internal.Invoker.invokeTestMethods(Invoker.java:1193)
	at org.testng.internal.TestMethodWorker.invokeTestMethods(TestMethodWorker.java:126)
	at org.testng.internal.TestMethodWorker.run(TestMethodWorker.java:109)
	at java.util.concurrent.ThreadPoolExecutor.runWorker(ThreadPoolExecutor.java:1149)
	at java.util.concurrent.ThreadPoolExecutor$Worker.run(ThreadPoolExecutor.java:624)
	at java.lang.Thread.run(Thread.java:748)
]]>
            </full-stacktrace>
          </exception> <!-- org.openqa.selenium.StaleElementReferenceException -->
          <reporter-output>
          </reporter-output>
        </test-method> <!-- deleteCreatedUserGroup -->
      </class> <!-- com.buddi.hdportal.tests.HDPortalManagementTest -->
      <class name="com.buddi.hdportal.tests.HDPortalHomeTest">
        <test-method status="PASS" signature="initialize(java.lang.String)[pri:0, instance:com.buddi.hdportal.tests.HDPortalHomeTest@25bbe1b6]" name="initialize" is-config="true" duration-ms="6" started-at="2020-06-10T11:50:10Z" finished-at="2020-06-10T11:50:10Z">
          <params>
            <param index="0">
              <value>
                <![CDATA[ChromeSuite]]>
              </value>
            </param>
          </params>
          <reporter-output>
          </reporter-output>
        </test-method> <!-- initialize -->
        <test-method status="FAIL" signature="verifyHelpDeskTitle()[pri:3, instance:com.buddi.hdportal.tests.HDPortalHomeTest@25bbe1b6]" name="verifyHelpDeskTitle" duration-ms="5087" started-at="2020-06-10T11:50:10Z" finished-at="2020-06-10T11:50:15Z">
          <exception class="java.lang.AssertionError">
            <message>
              <![CDATA[expected [Herramienta de gesti贸n (2.0.0.6)] but found [Herramienta de gesti贸n (2.0.1)]]]>
            </message>
            <full-stacktrace>
              <![CDATA[java.lang.AssertionError: expected [Herramienta de gesti贸n (2.0.0.6)] but found [Herramienta de gesti贸n (2.0.1)]
	at org.testng.Assert.fail(Assert.java:93)
	at org.testng.Assert.failNotEquals(Assert.java:512)
	at org.testng.Assert.assertEqualsImpl(Assert.java:134)
	at org.testng.Assert.assertEquals(Assert.java:115)
	at org.testng.Assert.assertEquals(Assert.java:189)
	at org.testng.Assert.assertEquals(Assert.java:199)
	at com.buddi.hdportal.tests.HDPortalHomeTest.verifyHelpDeskTitle(HDPortalHomeTest.java:23)
	at sun.reflect.NativeMethodAccessorImpl.invoke0(Native Method)
	at sun.reflect.NativeMethodAccessorImpl.invoke(NativeMethodAccessorImpl.java:62)
	at sun.reflect.DelegatingMethodAccessorImpl.invoke(DelegatingMethodAccessorImpl.java:43)
	at java.lang.reflect.Method.invoke(Method.java:498)
	at org.testng.internal.MethodInvocationHelper.invokeMethod(MethodInvocationHelper.java:108)
	at org.testng.internal.Invoker.invokeMethod(Invoker.java:661)
	at org.testng.internal.Invoker.invokeTestMethod(Invoker.java:869)
	at org.testng.internal.Invoker.invokeTestMethods(Invoker.java:1193)
	at org.testng.internal.TestMethodWorker.invokeTestMethods(TestMethodWorker.java:126)
	at org.testng.internal.TestMethodWorker.run(TestMethodWorker.java:109)
	at java.util.concurrent.ThreadPoolExecutor.runWorker(ThreadPoolExecutor.java:1149)
	at java.util.concurrent.ThreadPoolExecutor$Worker.run(ThreadPoolExecutor.java:624)
	at java.lang.Thread.run(Thread.java:748)
]]>
            </full-stacktrace>
          </exception> <!-- java.lang.AssertionError -->
          <reporter-output>
            <line>
              <![CDATA[Launching HD Portal home page...]]>
            </line>
          </reporter-output>
        </test-method> <!-- verifyHelpDeskTitle -->
      </class> <!-- com.buddi.hdportal.tests.HDPortalHomeTest -->
    </test> <!-- Test -->
  </suite> <!-- Suite -->
</testng-results>
