<?xml version="1.0" encoding="UTF-8"?>
<testng-results skipped="0" failed="1" ignored="0" total="5" passed="4">
  <reporter-output>
  </reporter-output>
  <suite name="Suite" duration-ms="20922" started-at="2020-05-07T09:21:13Z" finished-at="2020-05-07T09:21:34Z">
    <groups>
    </groups>
    <test name="Test" duration-ms="20922" started-at="2020-05-07T09:21:13Z" finished-at="2020-05-07T09:21:34Z">
      <class name="com.buddi.colombiaapp.tests.LoginColombiaAppTest">
        <test-method status="PASS" signature="startAppriumServer()[pri:0, instance:com.buddi.colombiaapp.tests.LoginColombiaAppTest@ff5b51f]" name="startAppriumServer" is-config="true" duration-ms="12283" started-at="2020-05-07T09:21:01Z" finished-at="2020-05-07T09:21:13Z">
          <reporter-output>
          </reporter-output>
        </test-method> <!-- startAppriumServer -->
        <test-method status="PASS" signature="getAppHomeScreenMainTitle()[pri:0, instance:com.buddi.colombiaapp.tests.LoginColombiaAppTest@ff5b51f]" name="getAppHomeScreenMainTitle" duration-ms="1191" started-at="2020-05-07T09:21:13Z" finished-at="2020-05-07T09:21:14Z">
          <reporter-output>
          </reporter-output>
        </test-method> <!-- getAppHomeScreenMainTitle -->
        <test-method status="PASS" signature="getAppHomeScreenSubTitle()[pri:1, instance:com.buddi.colombiaapp.tests.LoginColombiaAppTest@ff5b51f]" name="getAppHomeScreenSubTitle" duration-ms="344" started-at="2020-05-07T09:21:14Z" finished-at="2020-05-07T09:21:15Z">
          <reporter-output>
          </reporter-output>
        </test-method> <!-- getAppHomeScreenSubTitle -->
        <test-method status="PASS" signature="loginColombiaApp()[pri:2, instance:com.buddi.colombiaapp.tests.LoginColombiaAppTest@ff5b51f]" name="loginColombiaApp" duration-ms="9195" started-at="2020-05-07T09:21:15Z" finished-at="2020-05-07T09:21:24Z">
          <reporter-output>
          </reporter-output>
        </test-method> <!-- loginColombiaApp -->
        <test-method status="FAIL" signature="verifyNoJobsScheduledText()[pri:3, instance:com.buddi.colombiaapp.tests.LoginColombiaAppTest@ff5b51f]" name="verifyNoJobsScheduledText" duration-ms="5052" started-at="2020-05-07T09:21:24Z" finished-at="2020-05-07T09:21:29Z">
          <exception class="org.openqa.selenium.NoSuchElementException">
            <message>
              <![CDATA[An element could not be located on the page using the given search parameters.
For documentation on this error, please visit: https://www.seleniumhq.org/exceptions/no_such_element.html
Build info: version: '3.141.59', revision: 'e82be7d358', time: '2018-11-14T08:25:53'
System info: host: 'LAPTOP-I3V0BKGE', ip: '10.0.0.4', os.name: 'Windows 10', os.arch: 'amd64', os.version: '10.0', java.version: '1.8.0_221'
Driver info: io.appium.java_client.android.AndroidDriver
Capabilities {AndroidMobileCapabilityType.APP_ACTIVITY: .MainActivity, AndroidMobileCapabilityType.APP_PACKAGE: com.buddi.columbia.debug, app: C:\Users\irfan\git\colombia..., appPackage: com.buddi.columbia.debug, appWaitActivity: ***, autoAcceptAlerts: true, autoGrantPermissions: true, automationName: UiAutomator2, databaseEnabled: false, desired: {AndroidMobileCapabilityType.APP_ACTIVITY: .MainActivity, AndroidMobileCapabilityType.APP_PACKAGE: com.buddi.columbia.debug, app: C:\Users\irfan\git\colombia..., appWaitActivity: ***, autoAcceptAlerts: true, autoGrantPermissions: true, automationName: UiAutomator2, deviceName: SampleEmulator, fullReset: false, newCommandTimeout: 100, noReset: true, platformName: android, takesScreenshot: true}, deviceApiLevel: 28, deviceManufacturer: Google, deviceModel: AOSP on IA Emulator, deviceName: emulator-5554, deviceScreenDensity: 420, deviceScreenSize: 1080x1920, deviceUDID: emulator-5554, fullReset: false, javascriptEnabled: true, locationContextEnabled: false, networkConnectionEnabled: true, newCommandTimeout: 100, noReset: true, pixelRatio: 2.625, platform: LINUX, platformName: Android, platformVersion: 9, statBarHeight: 63, takesScreenshot: true, viewportRect: {height: 1731, left: 0, top: 63, width: 1080}, warnings: {}, webStorageEnabled: false}
Session ID: a20dd831-d4ee-4a37-b2b9-0cf3ba56974d
*** Element info: {Using=id, value=txt_no_jobs}]]>
            </message>
            <full-stacktrace>
              <![CDATA[org.openqa.selenium.NoSuchElementException: An element could not be located on the page using the given search parameters.
For documentation on this error, please visit: https://www.seleniumhq.org/exceptions/no_such_element.html
Build info: version: '3.141.59', revision: 'e82be7d358', time: '2018-11-14T08:25:53'
System info: host: 'LAPTOP-I3V0BKGE', ip: '10.0.0.4', os.name: 'Windows 10', os.arch: 'amd64', os.version: '10.0', java.version: '1.8.0_221'
Driver info: io.appium.java_client.android.AndroidDriver
Capabilities {AndroidMobileCapabilityType.APP_ACTIVITY: .MainActivity, AndroidMobileCapabilityType.APP_PACKAGE: com.buddi.columbia.debug, app: C:\Users\irfan\git\colombia..., appPackage: com.buddi.columbia.debug, appWaitActivity: ***, autoAcceptAlerts: true, autoGrantPermissions: true, automationName: UiAutomator2, databaseEnabled: false, desired: {AndroidMobileCapabilityType.APP_ACTIVITY: .MainActivity, AndroidMobileCapabilityType.APP_PACKAGE: com.buddi.columbia.debug, app: C:\Users\irfan\git\colombia..., appWaitActivity: ***, autoAcceptAlerts: true, autoGrantPermissions: true, automationName: UiAutomator2, deviceName: SampleEmulator, fullReset: false, newCommandTimeout: 100, noReset: true, platformName: android, takesScreenshot: true}, deviceApiLevel: 28, deviceManufacturer: Google, deviceModel: AOSP on IA Emulator, deviceName: emulator-5554, deviceScreenDensity: 420, deviceScreenSize: 1080x1920, deviceUDID: emulator-5554, fullReset: false, javascriptEnabled: true, locationContextEnabled: false, networkConnectionEnabled: true, newCommandTimeout: 100, noReset: true, pixelRatio: 2.625, platform: LINUX, platformName: Android, platformVersion: 9, statBarHeight: 63, takesScreenshot: true, viewportRect: {height: 1731, left: 0, top: 63, width: 1080}, warnings: {}, webStorageEnabled: false}
Session ID: a20dd831-d4ee-4a37-b2b9-0cf3ba56974d
*** Element info: {Using=id, value=txt_no_jobs}
at sun.reflect.NativeConstructorAccessorImpl.newInstance0(Native Method)
at sun.reflect.NativeConstructorAccessorImpl.newInstance(NativeConstructorAccessorImpl.java:62)
at sun.reflect.DelegatingConstructorAccessorImpl.newInstance(DelegatingConstructorAccessorImpl.java:45)
at java.lang.reflect.Constructor.newInstance(Constructor.java:423)
at org.openqa.selenium.remote.http.W3CHttpResponseCodec.createException(W3CHttpResponseCodec.java:187)
at org.openqa.selenium.remote.http.W3CHttpResponseCodec.decode(W3CHttpResponseCodec.java:122)
at org.openqa.selenium.remote.http.W3CHttpResponseCodec.decode(W3CHttpResponseCodec.java:49)
at org.openqa.selenium.remote.HttpCommandExecutor.execute(HttpCommandExecutor.java:158)
at io.appium.java_client.remote.AppiumCommandExecutor.execute(AppiumCommandExecutor.java:239)
at org.openqa.selenium.remote.RemoteWebDriver.execute(RemoteWebDriver.java:552)
at io.appium.java_client.DefaultGenericMobileDriver.execute(DefaultGenericMobileDriver.java:41)
at io.appium.java_client.AppiumDriver.execute(AppiumDriver.java:1)
at io.appium.java_client.android.AndroidDriver.execute(AndroidDriver.java:1)
at org.openqa.selenium.remote.RemoteWebDriver.findElement(RemoteWebDriver.java:323)
at io.appium.java_client.DefaultGenericMobileDriver.findElement(DefaultGenericMobileDriver.java:61)
at io.appium.java_client.AppiumDriver.findElement(AppiumDriver.java:1)
at io.appium.java_client.android.AndroidDriver.findElement(AndroidDriver.java:1)
at org.openqa.selenium.remote.RemoteWebDriver.findElementById(RemoteWebDriver.java:372)
at io.appium.java_client.DefaultGenericMobileDriver.findElementById(DefaultGenericMobileDriver.java:69)
at io.appium.java_client.AppiumDriver.findElementById(AppiumDriver.java:1)
at io.appium.java_client.android.AndroidDriver.findElementById(AndroidDriver.java:1)
at org.openqa.selenium.By$ById.findElement(By.java:188)
at org.openqa.selenium.remote.RemoteWebDriver.findElement(RemoteWebDriver.java:315)
at io.appium.java_client.DefaultGenericMobileDriver.findElement(DefaultGenericMobileDriver.java:57)
at io.appium.java_client.AppiumDriver.findElement(AppiumDriver.java:1)
at io.appium.java_client.android.AndroidDriver.findElement(AndroidDriver.java:1)
at org.openqa.selenium.support.pagefactory.DefaultElementLocator.findElement(DefaultElementLocator.java:69)
at org.openqa.selenium.support.pagefactory.internal.LocatingElementHandler.invoke(LocatingElementHandler.java:38)
at com.sun.proxy.$Proxy9.getText(Unknown Source)
at com.buddi.colombiapp.pages.LoginColombiaAppPage.getNoJobsText(LoginColombiaAppPage.java:92)
at com.buddi.colombiaapp.tests.LoginColombiaAppTest.verifyNoJobsScheduledText(LoginColombiaAppTest.java:47)
at sun.reflect.NativeMethodAccessorImpl.invoke0(Native Method)
at sun.reflect.NativeMethodAccessorImpl.invoke(NativeMethodAccessorImpl.java:62)
at sun.reflect.DelegatingMethodAccessorImpl.invoke(DelegatingMethodAccessorImpl.java:43)
at java.lang.reflect.Method.invoke(Method.java:498)
at org.testng.internal.MethodInvocationHelper.invokeMethod(MethodInvocationHelper.java:124)
at org.testng.internal.Invoker.invokeMethod(Invoker.java:583)
at org.testng.internal.Invoker.invokeTestMethod(Invoker.java:719)
at org.testng.internal.Invoker.invokeTestMethods(Invoker.java:989)
at org.testng.internal.TestMethodWorker.invokeTestMethods(TestMethodWorker.java:125)
at org.testng.internal.TestMethodWorker.run(TestMethodWorker.java:109)
at org.testng.TestRunner.privateRun(TestRunner.java:648)
at org.testng.TestRunner.run(TestRunner.java:505)
at org.testng.SuiteRunner.runTest(SuiteRunner.java:455)
at org.testng.SuiteRunner.runSequentially(SuiteRunner.java:450)
at org.testng.SuiteRunner.privateRun(SuiteRunner.java:415)
at org.testng.SuiteRunner.run(SuiteRunner.java:364)
at org.testng.SuiteRunnerWorker.runSuite(SuiteRunnerWorker.java:52)
at org.testng.SuiteRunnerWorker.run(SuiteRunnerWorker.java:84)
at org.testng.TestNG.runSuitesSequentially(TestNG.java:1208)
at org.testng.TestNG.runSuitesLocally(TestNG.java:1137)
at org.testng.TestNG.runSuites(TestNG.java:1049)
at org.testng.TestNG.run(TestNG.java:1017)
at org.testng.remote.AbstractRemoteTestNG.run(AbstractRemoteTestNG.java:132)
at org.testng.remote.RemoteTestNG.initAndRun(RemoteTestNG.java:230)
at org.testng.remote.RemoteTestNG.main(RemoteTestNG.java:76)
]]>
            </full-stacktrace>
          </exception> <!-- org.openqa.selenium.NoSuchElementException -->
          <reporter-output>
          </reporter-output>
        </test-method> <!-- verifyNoJobsScheduledText -->
        <test-method status="PASS" signature="logOutColombiaApp()[pri:4, instance:com.buddi.colombiaapp.tests.LoginColombiaAppTest@ff5b51f]" name="logOutColombiaApp" duration-ms="5092" started-at="2020-05-07T09:21:29Z" finished-at="2020-05-07T09:21:34Z">
          <reporter-output>
          </reporter-output>
        </test-method> <!-- logOutColombiaApp -->
        <test-method status="FAIL" signature="stopAppiumServer()[pri:0, instance:com.buddi.colombiaapp.tests.LoginColombiaAppTest@ff5b51f]" name="stopAppiumServer" is-config="true" duration-ms="1" started-at="2020-05-07T09:21:34Z" finished-at="2020-05-07T09:21:34Z">
          <exception class="java.lang.NullPointerException">
            <full-stacktrace>
              <![CDATA[java.lang.NullPointerException
at com.buddi.colombiaapp.tests.AppiumServerJava.stopServer(AppiumServerJava.java:43)
at com.buddi.colombiaapp.tests.AppiumBaseTest.stopAppiumServer(AppiumBaseTest.java:88)
at sun.reflect.NativeMethodAccessorImpl.invoke0(Native Method)
at sun.reflect.NativeMethodAccessorImpl.invoke(NativeMethodAccessorImpl.java:62)
at sun.reflect.DelegatingMethodAccessorImpl.invoke(DelegatingMethodAccessorImpl.java:43)
at java.lang.reflect.Method.invoke(Method.java:498)
at org.testng.internal.MethodInvocationHelper.invokeMethod(MethodInvocationHelper.java:124)
at org.testng.internal.MethodInvocationHelper.invokeMethodConsideringTimeout(MethodInvocationHelper.java:59)
at org.testng.internal.Invoker.invokeConfigurationMethod(Invoker.java:458)
at org.testng.internal.Invoker.invokeConfigurations(Invoker.java:222)
at org.testng.internal.Invoker.invokeConfigurations(Invoker.java:142)
at org.testng.SuiteRunner.privateRun(SuiteRunner.java:425)
at org.testng.SuiteRunner.run(SuiteRunner.java:364)
at org.testng.SuiteRunnerWorker.runSuite(SuiteRunnerWorker.java:52)
at org.testng.SuiteRunnerWorker.run(SuiteRunnerWorker.java:84)
at org.testng.TestNG.runSuitesSequentially(TestNG.java:1208)
at org.testng.TestNG.runSuitesLocally(TestNG.java:1137)
at org.testng.TestNG.runSuites(TestNG.java:1049)
at org.testng.TestNG.run(TestNG.java:1017)
at org.testng.remote.AbstractRemoteTestNG.run(AbstractRemoteTestNG.java:132)
at org.testng.remote.RemoteTestNG.initAndRun(RemoteTestNG.java:230)
at org.testng.remote.RemoteTestNG.main(RemoteTestNG.java:76)
]]>
            </full-stacktrace>
          </exception> <!-- java.lang.NullPointerException -->
          <reporter-output>
          </reporter-output>
        </test-method> <!-- stopAppiumServer -->
      </class> <!-- com.buddi.colombiaapp.tests.LoginColombiaAppTest -->
    </test> <!-- Test -->
  </suite> <!-- Suite -->
</testng-results>
