<?xml version="1.0" encoding="UTF-8"?>
<testng-results skipped="0" failed="0" ignored="0" total="4" passed="4">
  <reporter-output>
    <line>
      <![CDATA[Launching app...]]>
    </line>
    <line>
      <![CDATA[Launched app...]]>
    </line>
    <line>
      <![CDATA[Logged out app...]]>
    </line>
  </reporter-output>
  <suite name="Default suite" duration-ms="23154" started-at="2020-09-04T16:57:47Z" finished-at="2020-09-04T16:58:10Z">
    <groups>
    </groups>
    <test name="Default test" duration-ms="23154" started-at="2020-09-04T16:57:47Z" finished-at="2020-09-04T16:58:10Z">
      <class name="com.buddi.colombiaapp.tests.LoginColombiaAppTest">
        <test-method status="PASS" signature="startAppriumServer()[pri:0, instance:com.buddi.colombiaapp.tests.LoginColombiaAppTest@1ed4004b]" name="startAppriumServer" is-config="true" duration-ms="19018" started-at="2020-09-04T22:27:28Z" finished-at="2020-09-04T22:27:47Z">
          <reporter-output>
          </reporter-output>
        </test-method> <!-- startAppriumServer -->
        <test-method status="PASS" signature="getAppHomeScreenMainTitle()[pri:0, instance:com.buddi.colombiaapp.tests.LoginColombiaAppTest@1ed4004b]" name="getAppHomeScreenMainTitle" duration-ms="669" started-at="2020-09-04T22:27:47Z" finished-at="2020-09-04T22:27:47Z">
          <reporter-output>
          </reporter-output>
        </test-method> <!-- getAppHomeScreenMainTitle -->
        <test-method status="PASS" signature="getAppHomeScreenSubTitle()[pri:1, instance:com.buddi.colombiaapp.tests.LoginColombiaAppTest@1ed4004b]" name="getAppHomeScreenSubTitle" duration-ms="104" started-at="2020-09-04T22:27:47Z" finished-at="2020-09-04T22:27:47Z">
          <reporter-output>
          </reporter-output>
        </test-method> <!-- getAppHomeScreenSubTitle -->
        <test-method status="PASS" signature="loginColombiaApp()[pri:2, instance:com.buddi.colombiaapp.tests.LoginColombiaAppTest@1ed4004b]" name="loginColombiaApp" duration-ms="14483" started-at="2020-09-04T22:27:47Z" finished-at="2020-09-04T22:28:02Z">
          <reporter-output>
            <line>
              <![CDATA[Launching app...]]>
            </line>
            <line>
              <![CDATA[Launched app...]]>
            </line>
          </reporter-output>
        </test-method> <!-- loginColombiaApp -->
        <test-method status="PASS" signature="logOutColombiaApp()[pri:4, instance:com.buddi.colombiaapp.tests.LoginColombiaAppTest@1ed4004b]" name="logOutColombiaApp" duration-ms="7867" started-at="2020-09-04T22:28:02Z" finished-at="2020-09-04T22:28:10Z">
          <reporter-output>
            <line>
              <![CDATA[Logged out app...]]>
            </line>
          </reporter-output>
        </test-method> <!-- logOutColombiaApp -->
        <test-method status="PASS" signature="stopAppiumServer()[pri:0, instance:com.buddi.colombiaapp.tests.LoginColombiaAppTest@1ed4004b]" name="stopAppiumServer" is-config="true" duration-ms="51" started-at="2020-09-04T22:28:10Z" finished-at="2020-09-04T22:28:10Z">
          <reporter-output>
          </reporter-output>
        </test-method> <!-- stopAppiumServer -->
      </class> <!-- com.buddi.colombiaapp.tests.LoginColombiaAppTest -->
    </test> <!-- Default test -->
  </suite> <!-- Default suite -->
</testng-results>
