<?xml version="1.0" encoding="UTF-8"?>
<testng-results skipped="0" failed="0" ignored="4" total="14" passed="10">
  <reporter-output>
    <line>
      <![CDATA[Test started]]>
    </line>
    <line>
      <![CDATA[Launching HD Portal...]]>
    </line>
    <line>
      <![CDATA[Launched HD Portal...]]>
    </line>
    <line>
      <![CDATA[Launching HD Portal home page...]]>
    </line>
    <line>
      <![CDATA[Launched HD Portal home page...]]>
    </line>
  </reporter-output>
  <suite name="Colombia System Smoke Test Automation Suite" duration-ms="14957" started-at="2020-06-28T11:07:06Z" finished-at="2020-06-28T11:07:21Z">
    <groups>
      <group name="Smoke">
        <method signature="HDPortalHomeTest.verifyHelpDeskTitleInHomePage()[pri:1, instance:com.buddi.hdportal.tests.HDPortalHomeTest@192b07fd]" name="verifyHelpDeskTitleInHomePage" class="com.buddi.hdportal.tests.HDPortalHomeTest"/>
        <method signature="HDPortalLoginTest.launchHDPortal()[pri:0, instance:com.buddi.hdportal.tests.HDPortalLoginTest@20322d26]" name="launchHDPortal" class="com.buddi.hdportal.tests.HDPortalLoginTest"/>
        <method signature="HDPortalLoginTest.loginHDPortal()[pri:1, instance:com.buddi.hdportal.tests.HDPortalLoginTest@20322d26]" name="loginHDPortal" class="com.buddi.hdportal.tests.HDPortalLoginTest"/>
        <method signature="HDPortalManageUserGroupsTest.accessManagementMenu()[pri:1, instance:com.buddi.hdportal.tests.HDPortalManageUserGroupsTest@64bfbc86]" name="accessManagementMenu" class="com.buddi.hdportal.tests.HDPortalManageUserGroupsTest"/>
        <method signature="HDPortalManageUserGroupsTest.accessUserGroupsMenuItem()[pri:2, instance:com.buddi.hdportal.tests.HDPortalManageUserGroupsTest@64bfbc86]" name="accessUserGroupsMenuItem" class="com.buddi.hdportal.tests.HDPortalManageUserGroupsTest"/>
        <method signature="HDPortalManageUserGroupsTest.createNewUserGroup()[pri:3, instance:com.buddi.hdportal.tests.HDPortalManageUserGroupsTest@64bfbc86]" name="createNewUserGroup" class="com.buddi.hdportal.tests.HDPortalManageUserGroupsTest"/>
        <method signature="HDPortalManageUserGroupsTest.deleteCreatedUserGroup()[pri:6, instance:com.buddi.hdportal.tests.HDPortalManageUserGroupsTest@64bfbc86]" name="deleteCreatedUserGroup" class="com.buddi.hdportal.tests.HDPortalManageUserGroupsTest"/>
        <method signature="HDPortalManageUserGroupsTest.deleteDuplicateUserGroup()[pri:7, instance:com.buddi.hdportal.tests.HDPortalManageUserGroupsTest@64bfbc86]" name="deleteDuplicateUserGroup" class="com.buddi.hdportal.tests.HDPortalManageUserGroupsTest"/>
        <method signature="HDPortalManageUserGroupsTest.duplicateUserGroup()[pri:4, instance:com.buddi.hdportal.tests.HDPortalManageUserGroupsTest@64bfbc86]" name="duplicateUserGroup" class="com.buddi.hdportal.tests.HDPortalManageUserGroupsTest"/>
        <method signature="HDPortalManageUserGroupsTest.verifyDuplicateUserGroup()[pri:5, instance:com.buddi.hdportal.tests.HDPortalManageUserGroupsTest@64bfbc86]" name="verifyDuplicateUserGroup" class="com.buddi.hdportal.tests.HDPortalManageUserGroupsTest"/>
      </group> <!-- Smoke -->
    </groups>
    <test name="Tests" duration-ms="14957" started-at="2020-06-28T11:07:06Z" finished-at="2020-06-28T11:07:21Z">
      <class name="com.buddi.hdportal.tests.HDPortalManageUserGroupsTest">
        <test-method status="PASS" signature="initialize(java.lang.String)[pri:0, instance:com.buddi.hdportal.tests.HDPortalManageUserGroupsTest@64bfbc86]" name="initialize" is-config="true" duration-ms="1" started-at="2020-06-28T16:37:09Z" finished-at="2020-06-28T16:37:09Z">
          <params>
            <param index="0">
              <value>
                <![CDATA[ChromeSuite]]>
              </value>
            </param>
          </params>
          <reporter-output>
          </reporter-output>
        </test-method> <!-- initialize -->
        <test-method status="PASS" signature="accessManagementMenu()[pri:1, instance:com.buddi.hdportal.tests.HDPortalManageUserGroupsTest@64bfbc86]" name="accessManagementMenu" duration-ms="77" started-at="2020-06-28T16:37:09Z" finished-at="2020-06-28T16:37:09Z">
          <reporter-output>
          </reporter-output>
        </test-method> <!-- accessManagementMenu -->
        <test-method status="PASS" signature="accessUserGroupsMenuItem()[pri:2, instance:com.buddi.hdportal.tests.HDPortalManageUserGroupsTest@64bfbc86]" name="accessUserGroupsMenuItem" duration-ms="854" started-at="2020-06-28T16:37:09Z" finished-at="2020-06-28T16:37:10Z">
          <reporter-output>
          </reporter-output>
        </test-method> <!-- accessUserGroupsMenuItem -->
        <test-method status="PASS" signature="createNewUserGroup()[pri:3, instance:com.buddi.hdportal.tests.HDPortalManageUserGroupsTest@64bfbc86]" name="createNewUserGroup" duration-ms="622" started-at="2020-06-28T16:37:10Z" finished-at="2020-06-28T16:37:10Z">
          <reporter-output>
          </reporter-output>
        </test-method> <!-- createNewUserGroup -->
        <test-method status="PASS" signature="duplicateUserGroup()[pri:4, instance:com.buddi.hdportal.tests.HDPortalManageUserGroupsTest@64bfbc86]" name="duplicateUserGroup" duration-ms="3488" started-at="2020-06-28T16:37:10Z" finished-at="2020-06-28T16:37:14Z">
          <reporter-output>
          </reporter-output>
        </test-method> <!-- duplicateUserGroup -->
        <test-method status="PASS" signature="verifyDuplicateUserGroup()[pri:5, instance:com.buddi.hdportal.tests.HDPortalManageUserGroupsTest@64bfbc86]" name="verifyDuplicateUserGroup" duration-ms="906" started-at="2020-06-28T16:37:14Z" finished-at="2020-06-28T16:37:15Z">
          <reporter-output>
          </reporter-output>
        </test-method> <!-- verifyDuplicateUserGroup -->
        <test-method status="PASS" signature="deleteCreatedUserGroup()[pri:6, instance:com.buddi.hdportal.tests.HDPortalManageUserGroupsTest@64bfbc86]" name="deleteCreatedUserGroup" duration-ms="3162" started-at="2020-06-28T16:37:15Z" finished-at="2020-06-28T16:37:18Z">
          <reporter-output>
          </reporter-output>
        </test-method> <!-- deleteCreatedUserGroup -->
        <test-method status="PASS" signature="deleteDuplicateUserGroup()[pri:7, instance:com.buddi.hdportal.tests.HDPortalManageUserGroupsTest@64bfbc86]" name="deleteDuplicateUserGroup" duration-ms="2984" started-at="2020-06-28T16:37:18Z" finished-at="2020-06-28T16:37:21Z">
          <reporter-output>
          </reporter-output>
        </test-method> <!-- deleteDuplicateUserGroup -->
      </class> <!-- com.buddi.hdportal.tests.HDPortalManageUserGroupsTest -->
      <class name="com.buddi.hdportal.tests.HDPortalLoginTest">
        <test-method status="PASS" signature="setUp(java.lang.String, java.lang.String)[pri:0, instance:com.buddi.hdportal.tests.HDPortalLoginTest@20322d26]" name="setUp" is-config="true" duration-ms="7545" started-at="2020-06-28T16:36:58Z" finished-at="2020-06-28T16:37:06Z">
          <params>
            <param index="0">
              <value>
                <![CDATA[chromedriver]]>
              </value>
            </param>
            <param index="1">
              <value>
                <![CDATA[ChromeSuite]]>
              </value>
            </param>
          </params>
          <reporter-output>
          </reporter-output>
        </test-method> <!-- setUp -->
        <test-method status="PASS" signature="initialize(java.lang.String)[pri:0, instance:com.buddi.hdportal.tests.HDPortalLoginTest@20322d26]" name="initialize" is-config="true" duration-ms="27" started-at="2020-06-28T16:37:06Z" finished-at="2020-06-28T16:37:06Z">
          <params>
            <param index="0">
              <value>
                <![CDATA[ChromeSuite]]>
              </value>
            </param>
          </params>
          <reporter-output>
          </reporter-output>
        </test-method> <!-- initialize -->
        <test-method status="PASS" signature="launchHDPortal()[pri:0, instance:com.buddi.hdportal.tests.HDPortalLoginTest@20322d26]" name="launchHDPortal" duration-ms="734" started-at="2020-06-28T16:37:06Z" finished-at="2020-06-28T16:37:07Z">
          <reporter-output>
            <line>
              <![CDATA[Launching HD Portal...]]>
            </line>
            <line>
              <![CDATA[Launched HD Portal...]]>
            </line>
          </reporter-output>
        </test-method> <!-- launchHDPortal -->
        <test-method status="PASS" signature="loginHDPortal()[pri:1, instance:com.buddi.hdportal.tests.HDPortalLoginTest@20322d26]" name="loginHDPortal" duration-ms="634" started-at="2020-06-28T16:37:07Z" finished-at="2020-06-28T16:37:07Z">
          <reporter-output>
          </reporter-output>
        </test-method> <!-- loginHDPortal -->
        <test-method status="PASS" signature="clean()[pri:0, instance:com.buddi.hdportal.tests.HDPortalLoginTest@20322d26]" name="clean" is-config="true" duration-ms="4933" started-at="2020-06-28T16:37:21Z" finished-at="2020-06-28T16:37:26Z">
          <reporter-output>
          </reporter-output>
        </test-method> <!-- clean -->
      </class> <!-- com.buddi.hdportal.tests.HDPortalLoginTest -->
      <class name="com.buddi.hdportal.tests.HDPortalHomeTest">
        <test-method status="PASS" signature="initialize(java.lang.String)[pri:0, instance:com.buddi.hdportal.tests.HDPortalHomeTest@192b07fd]" name="initialize" is-config="true" duration-ms="1" started-at="2020-06-28T16:37:07Z" finished-at="2020-06-28T16:37:07Z">
          <params>
            <param index="0">
              <value>
                <![CDATA[ChromeSuite]]>
              </value>
            </param>
          </params>
          <reporter-output>
          </reporter-output>
        </test-method> <!-- initialize -->
        <test-method status="PASS" signature="verifyHelpDeskTitleInHomePage()[pri:1, instance:com.buddi.hdportal.tests.HDPortalHomeTest@192b07fd]" name="verifyHelpDeskTitleInHomePage" duration-ms="1435" started-at="2020-06-28T16:37:07Z" finished-at="2020-06-28T16:37:09Z">
          <reporter-output>
            <line>
              <![CDATA[Launching HD Portal home page...]]>
            </line>
            <line>
              <![CDATA[Launched HD Portal home page...]]>
            </line>
          </reporter-output>
        </test-method> <!-- verifyHelpDeskTitleInHomePage -->
      </class> <!-- com.buddi.hdportal.tests.HDPortalHomeTest -->
    </test> <!-- Tests -->
  </suite> <!-- Colombia System Smoke Test Automation Suite -->
</testng-results>
