<?xml version="1.0" encoding="UTF-8"?>
<testng-results skipped="0" failed="0" ignored="4" total="13" passed="9">
  <reporter-output>
    <line>
      <![CDATA[Test started]]>
    </line>
    <line>
      <![CDATA[Launching HD Portal...]]>
    </line>
    <line>
      <![CDATA[Launched HD Portal...]]>
    </line>
    <line>
      <![CDATA[Launching HD Portal home page...]]>
    </line>
    <line>
      <![CDATA[Launched HD Portal home page...]]>
    </line>
  </reporter-output>
  <suite name="Suite" duration-ms="36672" started-at="2020-06-14T08:28:28Z" finished-at="2020-06-14T08:29:05Z">
    <groups>
      <group name="Smoke">
        <method signature="HDPortalManageUserGroupsTest.addUserGroup()[pri:6, instance:com.buddi.hdportal.tests.HDPortalManageUserGroupsTest@20322d26]" name="addUserGroup" class="com.buddi.hdportal.tests.HDPortalManageUserGroupsTest"/>
        <method signature="HDPortalManageUserGroupsTest.clickUserGroupsMenuItem()[pri:5, instance:com.buddi.hdportal.tests.HDPortalManageUserGroupsTest@20322d26]" name="clickUserGroupsMenuItem" class="com.buddi.hdportal.tests.HDPortalManageUserGroupsTest"/>
        <method signature="HDPortalManageUserGroupsTest.deleteCreatedUserGroup()[pri:8, instance:com.buddi.hdportal.tests.HDPortalManageUserGroupsTest@20322d26]" name="deleteCreatedUserGroup" class="com.buddi.hdportal.tests.HDPortalManageUserGroupsTest"/>
        <method signature="HDPortalManageUserGroupsTest.deleteDuplicateUserGroup()[pri:9, instance:com.buddi.hdportal.tests.HDPortalManageUserGroupsTest@20322d26]" name="deleteDuplicateUserGroup" class="com.buddi.hdportal.tests.HDPortalManageUserGroupsTest"/>
        <method signature="HDPortalManageUserGroupsTest.duplicateUserGroup()[pri:7, instance:com.buddi.hdportal.tests.HDPortalManageUserGroupsTest@20322d26]" name="duplicateUserGroup" class="com.buddi.hdportal.tests.HDPortalManageUserGroupsTest"/>
        <method signature="HDPortalManageUserGroupsTest.expandManagementMenu()[pri:4, instance:com.buddi.hdportal.tests.HDPortalManageUserGroupsTest@20322d26]" name="expandManagementMenu" class="com.buddi.hdportal.tests.HDPortalManageUserGroupsTest"/>
      </group> <!-- Smoke -->
    </groups>
    <test name="Test" duration-ms="36672" started-at="2020-06-14T08:28:28Z" finished-at="2020-06-14T08:29:05Z">
      <class name="com.buddi.hdportal.tests.HDPortalManageUserGroupsTest">
        <test-method status="PASS" signature="initialize(java.lang.String)[pri:0, instance:com.buddi.hdportal.tests.HDPortalManageUserGroupsTest@20322d26]" name="initialize" is-config="true" duration-ms="7" started-at="2020-06-14T13:58:50Z" finished-at="2020-06-14T13:58:50Z">
          <params>
            <param index="0">
              <value>
                <![CDATA[ChromeSuite]]>
              </value>
            </param>
          </params>
          <reporter-output>
          </reporter-output>
        </test-method> <!-- initialize -->
        <test-method status="PASS" signature="expandManagementMenu()[pri:4, instance:com.buddi.hdportal.tests.HDPortalManageUserGroupsTest@20322d26]" name="expandManagementMenu" duration-ms="193" started-at="2020-06-14T13:58:50Z" finished-at="2020-06-14T13:58:50Z">
          <reporter-output>
          </reporter-output>
        </test-method> <!-- expandManagementMenu -->
        <test-method status="PASS" signature="clickUserGroupsMenuItem()[pri:5, instance:com.buddi.hdportal.tests.HDPortalManageUserGroupsTest@20322d26]" name="clickUserGroupsMenuItem" duration-ms="1032" started-at="2020-06-14T13:58:50Z" finished-at="2020-06-14T13:58:51Z">
          <reporter-output>
          </reporter-output>
        </test-method> <!-- clickUserGroupsMenuItem -->
        <test-method status="PASS" signature="addUserGroup()[pri:6, instance:com.buddi.hdportal.tests.HDPortalManageUserGroupsTest@20322d26]" name="addUserGroup" duration-ms="1105" started-at="2020-06-14T13:58:51Z" finished-at="2020-06-14T13:58:52Z">
          <reporter-output>
          </reporter-output>
        </test-method> <!-- addUserGroup -->
        <test-method status="PASS" signature="duplicateUserGroup()[pri:7, instance:com.buddi.hdportal.tests.HDPortalManageUserGroupsTest@20322d26]" name="duplicateUserGroup" duration-ms="4549" started-at="2020-06-14T13:58:52Z" finished-at="2020-06-14T13:58:57Z">
          <reporter-output>
          </reporter-output>
        </test-method> <!-- duplicateUserGroup -->
        <test-method status="PASS" signature="deleteCreatedUserGroup()[pri:8, instance:com.buddi.hdportal.tests.HDPortalManageUserGroupsTest@20322d26]" name="deleteCreatedUserGroup" duration-ms="3920" started-at="2020-06-14T13:58:57Z" finished-at="2020-06-14T13:59:01Z">
          <reporter-output>
          </reporter-output>
        </test-method> <!-- deleteCreatedUserGroup -->
        <test-method status="PASS" signature="deleteDuplicateUserGroup()[pri:9, instance:com.buddi.hdportal.tests.HDPortalManageUserGroupsTest@20322d26]" name="deleteDuplicateUserGroup" duration-ms="3971" started-at="2020-06-14T13:59:01Z" finished-at="2020-06-14T13:59:05Z">
          <reporter-output>
          </reporter-output>
        </test-method> <!-- deleteDuplicateUserGroup -->
      </class> <!-- com.buddi.hdportal.tests.HDPortalManageUserGroupsTest -->
      <class name="com.buddi.hdportal.tests.HDPortalLoginTest">
        <test-method status="PASS" signature="setUp(java.lang.String, java.lang.String)[pri:0, instance:com.buddi.hdportal.tests.HDPortalLoginTest@5025a98f]" name="setUp" is-config="true" duration-ms="8078" started-at="2020-06-14T13:58:20Z" finished-at="2020-06-14T13:58:28Z">
          <params>
            <param index="0">
              <value>
                <![CDATA[chromedriver]]>
              </value>
            </param>
            <param index="1">
              <value>
                <![CDATA[ChromeSuite]]>
              </value>
            </param>
          </params>
          <reporter-output>
          </reporter-output>
        </test-method> <!-- setUp -->
        <test-method status="PASS" signature="initialize(java.lang.String)[pri:0, instance:com.buddi.hdportal.tests.HDPortalLoginTest@5025a98f]" name="initialize" is-config="true" duration-ms="140" started-at="2020-06-14T13:58:28Z" finished-at="2020-06-14T13:58:28Z">
          <params>
            <param index="0">
              <value>
                <![CDATA[ChromeSuite]]>
              </value>
            </param>
          </params>
          <reporter-output>
          </reporter-output>
        </test-method> <!-- initialize -->
        <test-method status="PASS" signature="launchHDPortal()[pri:0, instance:com.buddi.hdportal.tests.HDPortalLoginTest@5025a98f]" name="launchHDPortal" duration-ms="5204" started-at="2020-06-14T13:58:28Z" finished-at="2020-06-14T13:58:34Z">
          <reporter-output>
            <line>
              <![CDATA[Launching HD Portal...]]>
            </line>
            <line>
              <![CDATA[Launched HD Portal...]]>
            </line>
          </reporter-output>
        </test-method> <!-- launchHDPortal -->
        <test-method status="PASS" signature="loginHDPortal()[pri:1, instance:com.buddi.hdportal.tests.HDPortalLoginTest@5025a98f]" name="loginHDPortal" duration-ms="11252" started-at="2020-06-14T13:58:34Z" finished-at="2020-06-14T13:58:45Z">
          <reporter-output>
          </reporter-output>
        </test-method> <!-- loginHDPortal -->
        <test-method status="PASS" signature="clean()[pri:0, instance:com.buddi.hdportal.tests.HDPortalLoginTest@5025a98f]" name="clean" is-config="true" duration-ms="5339" started-at="2020-06-14T13:59:06Z" finished-at="2020-06-14T13:59:11Z">
          <reporter-output>
          </reporter-output>
        </test-method> <!-- clean -->
      </class> <!-- com.buddi.hdportal.tests.HDPortalLoginTest -->
      <class name="com.buddi.hdportal.tests.HDPortalHomeTest">
        <test-method status="PASS" signature="initialize(java.lang.String)[pri:0, instance:com.buddi.hdportal.tests.HDPortalHomeTest@49993335]" name="initialize" is-config="true" duration-ms="9" started-at="2020-06-14T13:58:45Z" finished-at="2020-06-14T13:58:45Z">
          <params>
            <param index="0">
              <value>
                <![CDATA[ChromeSuite]]>
              </value>
            </param>
          </params>
          <reporter-output>
          </reporter-output>
        </test-method> <!-- initialize -->
        <test-method status="PASS" signature="verifyHelpDeskTitle()[pri:3, instance:com.buddi.hdportal.tests.HDPortalHomeTest@49993335]" name="verifyHelpDeskTitle" duration-ms="5206" started-at="2020-06-14T13:58:45Z" finished-at="2020-06-14T13:58:50Z">
          <reporter-output>
            <line>
              <![CDATA[Launching HD Portal home page...]]>
            </line>
            <line>
              <![CDATA[Launched HD Portal home page...]]>
            </line>
          </reporter-output>
        </test-method> <!-- verifyHelpDeskTitle -->
      </class> <!-- com.buddi.hdportal.tests.HDPortalHomeTest -->
    </test> <!-- Test -->
  </suite> <!-- Suite -->
</testng-results>
