<?xml version="1.0" encoding="UTF-8"?>
<testng-results skipped="0" failed="0" ignored="0" total="21" passed="21">
  <reporter-output>
    <line>
      <![CDATA[Test started]]>
    </line>
    <line>
      <![CDATA[Test started]]>
    </line>
    <line>
      <![CDATA[Launching HD Portal...]]>
    </line>
    <line>
      <![CDATA[Launched HD Portal...]]>
    </line>
    <line>
      <![CDATA[Test started]]>
    </line>
    <line>
      <![CDATA[Launching HD Portal home page...]]>
    </line>
    <line>
      <![CDATA[Launched HD Portal home page...]]>
    </line>
  </reporter-output>
  <suite name="Colombia System Smoke Test Automation Suite" duration-ms="59648" started-at="2020-09-19T19:28:29Z" finished-at="2020-09-19T19:29:28Z">
    <groups>
      <group name="Smoke">
        <method signature="HDPortalLoginTest.launchHDPortal()[pri:0, instance:com.buddi.hdportal.tests.HDPortalLoginTest@4fe3c938]" name="launchHDPortal" class="com.buddi.hdportal.tests.HDPortalLoginTest"/>
        <method signature="HDPortalLoginTest.loginHDPortal()[pri:1, instance:com.buddi.hdportal.tests.HDPortalLoginTest@4fe3c938]" name="loginHDPortal" class="com.buddi.hdportal.tests.HDPortalLoginTest"/>
        <method signature="HDPortalHomeTest.verifyHelpDeskTitleInHomePage()[pri:1, instance:com.buddi.hdportal.tests.HDPortalHomeTest@4e9ba398]" name="verifyHelpDeskTitleInHomePage" class="com.buddi.hdportal.tests.HDPortalHomeTest"/>
        <method signature="HDPortalManageUserGroupsTest.accessManagementMenu()[pri:1, instance:com.buddi.hdportal.tests.HDPortalManageUserGroupsTest@6536e911]" name="accessManagementMenu" class="com.buddi.hdportal.tests.HDPortalManageUserGroupsTest"/>
        <method signature="HDPortalManageUserGroupsTest.accessUserGroupsMenuItem()[pri:2, instance:com.buddi.hdportal.tests.HDPortalManageUserGroupsTest@6536e911]" name="accessUserGroupsMenuItem" class="com.buddi.hdportal.tests.HDPortalManageUserGroupsTest"/>
        <method signature="HDPortalManageUserGroupsTest.createDuplicateUserGroupInLowerCase()[pri:5, instance:com.buddi.hdportal.tests.HDPortalManageUserGroupsTest@6536e911]" name="createDuplicateUserGroupInLowerCase" class="com.buddi.hdportal.tests.HDPortalManageUserGroupsTest"/>
        <method signature="HDPortalManageUserGroupsTest.createDuplicateUserGroupPrefixedWithSpaces()[pri:6, instance:com.buddi.hdportal.tests.HDPortalManageUserGroupsTest@6536e911]" name="createDuplicateUserGroupPrefixedWithSpaces" class="com.buddi.hdportal.tests.HDPortalManageUserGroupsTest"/>
        <method signature="HDPortalManageUserGroupsTest.createNewUserGroup()[pri:3, instance:com.buddi.hdportal.tests.HDPortalManageUserGroupsTest@6536e911]" name="createNewUserGroup" class="com.buddi.hdportal.tests.HDPortalManageUserGroupsTest"/>
        <method signature="HDPortalManageUserGroupsTest.deleteCreatedUserGroup()[pri:9, instance:com.buddi.hdportal.tests.HDPortalManageUserGroupsTest@6536e911]" name="deleteCreatedUserGroup" class="com.buddi.hdportal.tests.HDPortalManageUserGroupsTest"/>
        <method signature="HDPortalManageUserGroupsTest.deleteDuplicateUserGroup()[pri:10, instance:com.buddi.hdportal.tests.HDPortalManageUserGroupsTest@6536e911]" name="deleteDuplicateUserGroup" class="com.buddi.hdportal.tests.HDPortalManageUserGroupsTest"/>
        <method signature="HDPortalManageUserGroupsTest.duplicateAnExistingUserGroupInLowerCase()[pri:7, instance:com.buddi.hdportal.tests.HDPortalManageUserGroupsTest@6536e911]" name="duplicateAnExistingUserGroupInLowerCase" class="com.buddi.hdportal.tests.HDPortalManageUserGroupsTest"/>
        <method signature="HDPortalManageUserGroupsTest.duplicateAnExistingUserGroupPrefixedWithSpaces()[pri:8, instance:com.buddi.hdportal.tests.HDPortalManageUserGroupsTest@6536e911]" name="duplicateAnExistingUserGroupPrefixedWithSpaces" class="com.buddi.hdportal.tests.HDPortalManageUserGroupsTest"/>
        <method signature="HDPortalManageUserGroupsTest.duplicateUserGroup()[pri:4, instance:com.buddi.hdportal.tests.HDPortalManageUserGroupsTest@6536e911]" name="duplicateUserGroup" class="com.buddi.hdportal.tests.HDPortalManageUserGroupsTest"/>
        <method signature="HDPortalManageKnowledgeBaseTest.accessKnowledgeBaseMenuItem()[pri:2, instance:com.buddi.hdportal.tests.HDPortalManageKnowledgeBaseTest@335eadca]" name="accessKnowledgeBaseMenuItem" class="com.buddi.hdportal.tests.HDPortalManageKnowledgeBaseTest"/>
        <method signature="HDPortalManageKnowledgeBaseTest.accessManagementMenuForKB()[pri:1, instance:com.buddi.hdportal.tests.HDPortalManageKnowledgeBaseTest@335eadca]" name="accessManagementMenuForKB" class="com.buddi.hdportal.tests.HDPortalManageKnowledgeBaseTest"/>
        <method signature="HDPortalManageKnowledgeBaseTest.createNewKnowledgeBase()[pri:3, instance:com.buddi.hdportal.tests.HDPortalManageKnowledgeBaseTest@335eadca]" name="createNewKnowledgeBase" class="com.buddi.hdportal.tests.HDPortalManageKnowledgeBaseTest"/>
        <method signature="HDPortalManagePendingVisitsTest.accessPendingMenuItem()[pri:2, instance:com.buddi.hdportal.tests.HDPortalManagePendingVisitsTest@4b4523f8]" name="accessPendingMenuItem" class="com.buddi.hdportal.tests.HDPortalManagePendingVisitsTest"/>
        <method signature="HDPortalManagePendingVisitsTest.accessVisitsMenu()[pri:1, instance:com.buddi.hdportal.tests.HDPortalManagePendingVisitsTest@4b4523f8]" name="accessVisitsMenu" class="com.buddi.hdportal.tests.HDPortalManagePendingVisitsTest"/>
        <method signature="HDPortalManageNewManualAlertsTest.accessNewAlertsMenuAndVerifyPanelTitle()[pri:1, instance:com.buddi.hdportal.tests.HDPortalManageNewManualAlertsTest@1d16f93d]" name="accessNewAlertsMenuAndVerifyPanelTitle" class="com.buddi.hdportal.tests.HDPortalManageNewManualAlertsTest"/>
        <method signature="HDPortalManageNewManualAlertsTest.createNewAlert()[pri:3, instance:com.buddi.hdportal.tests.HDPortalManageNewManualAlertsTest@1d16f93d]" name="createNewAlert" class="com.buddi.hdportal.tests.HDPortalManageNewManualAlertsTest"/>
        <method signature="HDPortalManageNewManualAlertsTest.verifyColumnNamesInNewAlertsPageGrid()[pri:2, instance:com.buddi.hdportal.tests.HDPortalManageNewManualAlertsTest@1d16f93d]" name="verifyColumnNamesInNewAlertsPageGrid" class="com.buddi.hdportal.tests.HDPortalManageNewManualAlertsTest"/>
      </group> <!-- Smoke -->
    </groups>
    <test name="App" duration-ms="20" started-at="2020-09-19T19:28:29Z" finished-at="2020-09-19T19:28:29Z">
    </test> <!-- App -->
    <test name="Login HD Portal" duration-ms="5724" started-at="2020-09-19T19:28:29Z" finished-at="2020-09-19T19:28:35Z">
      <class name="com.buddi.hdportal.tests.HDPortalLoginTest">
        <test-method status="PASS" signature="initialize(java.lang.String)[pri:0, instance:com.buddi.hdportal.tests.HDPortalLoginTest@4fe3c938]" name="initialize" is-config="true" duration-ms="96" started-at="2020-09-20T00:58:29Z" finished-at="2020-09-20T00:58:29Z">
          <params>
            <param index="0">
              <value>
                <![CDATA[ChromeSuite]]>
              </value>
            </param>
          </params>
          <reporter-output>
          </reporter-output>
        </test-method> <!-- initialize -->
        <test-method status="PASS" signature="launchHDPortal()[pri:0, instance:com.buddi.hdportal.tests.HDPortalLoginTest@4fe3c938]" name="launchHDPortal" duration-ms="43" started-at="2020-09-20T00:58:29Z" finished-at="2020-09-20T00:58:29Z">
          <reporter-output>
            <line>
              <![CDATA[Launching HD Portal...]]>
            </line>
            <line>
              <![CDATA[Launched HD Portal...]]>
            </line>
          </reporter-output>
        </test-method> <!-- launchHDPortal -->
        <test-method status="PASS" signature="loginHDPortal()[pri:1, instance:com.buddi.hdportal.tests.HDPortalLoginTest@4fe3c938]" name="loginHDPortal" duration-ms="5537" started-at="2020-09-20T00:58:29Z" finished-at="2020-09-20T00:58:35Z">
          <reporter-output>
          </reporter-output>
        </test-method> <!-- loginHDPortal -->
      </class> <!-- com.buddi.hdportal.tests.HDPortalLoginTest -->
    </test> <!-- Login HD Portal -->
    <test name="HD Portal Home Page" duration-ms="1546" started-at="2020-09-19T19:28:35Z" finished-at="2020-09-19T19:28:36Z">
      <class name="com.buddi.hdportal.tests.HDPortalHomeTest">
        <test-method status="PASS" signature="initialize(java.lang.String)[pri:0, instance:com.buddi.hdportal.tests.HDPortalHomeTest@4e9ba398]" name="initialize" is-config="true" duration-ms="3" started-at="2020-09-20T00:58:35Z" finished-at="2020-09-20T00:58:35Z">
          <params>
            <param index="0">
              <value>
                <![CDATA[ChromeSuite]]>
              </value>
            </param>
          </params>
          <reporter-output>
          </reporter-output>
        </test-method> <!-- initialize -->
        <test-method status="PASS" signature="verifyHelpDeskTitleInHomePage()[pri:1, instance:com.buddi.hdportal.tests.HDPortalHomeTest@4e9ba398]" name="verifyHelpDeskTitleInHomePage" duration-ms="1541" started-at="2020-09-20T00:58:35Z" finished-at="2020-09-20T00:58:36Z">
          <reporter-output>
            <line>
              <![CDATA[Launching HD Portal home page...]]>
            </line>
            <line>
              <![CDATA[Launched HD Portal home page...]]>
            </line>
          </reporter-output>
        </test-method> <!-- verifyHelpDeskTitleInHomePage -->
      </class> <!-- com.buddi.hdportal.tests.HDPortalHomeTest -->
    </test> <!-- HD Portal Home Page -->
    <test name="HD Portal Manage User Groups" duration-ms="35080" started-at="2020-09-19T19:28:37Z" finished-at="2020-09-19T19:29:12Z">
      <class name="com.buddi.hdportal.tests.HDPortalManageUserGroupsTest">
        <test-method status="PASS" signature="initialize(java.lang.String)[pri:0, instance:com.buddi.hdportal.tests.HDPortalManageUserGroupsTest@6536e911]" name="initialize" is-config="true" duration-ms="1" started-at="2020-09-20T00:58:37Z" finished-at="2020-09-20T00:58:37Z">
          <params>
            <param index="0">
              <value>
                <![CDATA[ChromeSuite]]>
              </value>
            </param>
          </params>
          <reporter-output>
          </reporter-output>
        </test-method> <!-- initialize -->
        <test-method status="PASS" signature="accessManagementMenu()[pri:1, instance:com.buddi.hdportal.tests.HDPortalManageUserGroupsTest@6536e911]" name="accessManagementMenu" duration-ms="87" started-at="2020-09-20T00:58:37Z" finished-at="2020-09-20T00:58:37Z">
          <reporter-output>
          </reporter-output>
        </test-method> <!-- accessManagementMenu -->
        <test-method status="PASS" signature="accessUserGroupsMenuItem()[pri:2, instance:com.buddi.hdportal.tests.HDPortalManageUserGroupsTest@6536e911]" name="accessUserGroupsMenuItem" duration-ms="819" started-at="2020-09-20T00:58:37Z" finished-at="2020-09-20T00:58:37Z">
          <reporter-output>
          </reporter-output>
        </test-method> <!-- accessUserGroupsMenuItem -->
        <test-method status="PASS" signature="createNewUserGroup()[pri:3, instance:com.buddi.hdportal.tests.HDPortalManageUserGroupsTest@6536e911]" name="createNewUserGroup" duration-ms="3139" started-at="2020-09-20T00:58:37Z" finished-at="2020-09-20T00:58:41Z">
          <reporter-output>
          </reporter-output>
        </test-method> <!-- createNewUserGroup -->
        <test-method status="PASS" signature="duplicateUserGroup()[pri:4, instance:com.buddi.hdportal.tests.HDPortalManageUserGroupsTest@6536e911]" name="duplicateUserGroup" duration-ms="4246" started-at="2020-09-20T00:58:41Z" finished-at="2020-09-20T00:58:45Z">
          <reporter-output>
          </reporter-output>
        </test-method> <!-- duplicateUserGroup -->
        <test-method status="PASS" signature="createDuplicateUserGroupInLowerCase()[pri:5, instance:com.buddi.hdportal.tests.HDPortalManageUserGroupsTest@6536e911]" name="createDuplicateUserGroupInLowerCase" duration-ms="1141" started-at="2020-09-20T00:58:45Z" finished-at="2020-09-20T00:58:46Z">
          <reporter-output>
          </reporter-output>
        </test-method> <!-- createDuplicateUserGroupInLowerCase -->
        <test-method status="PASS" signature="createDuplicateUserGroupPrefixedWithSpaces()[pri:6, instance:com.buddi.hdportal.tests.HDPortalManageUserGroupsTest@6536e911]" name="createDuplicateUserGroupPrefixedWithSpaces" duration-ms="4942" started-at="2020-09-20T00:58:46Z" finished-at="2020-09-20T00:58:51Z">
          <reporter-output>
          </reporter-output>
        </test-method> <!-- createDuplicateUserGroupPrefixedWithSpaces -->
        <test-method status="PASS" signature="duplicateAnExistingUserGroupInLowerCase()[pri:7, instance:com.buddi.hdportal.tests.HDPortalManageUserGroupsTest@6536e911]" name="duplicateAnExistingUserGroupInLowerCase" duration-ms="6610" started-at="2020-09-20T00:58:51Z" finished-at="2020-09-20T00:58:58Z">
          <reporter-output>
          </reporter-output>
        </test-method> <!-- duplicateAnExistingUserGroupInLowerCase -->
        <test-method status="PASS" signature="duplicateAnExistingUserGroupPrefixedWithSpaces()[pri:8, instance:com.buddi.hdportal.tests.HDPortalManageUserGroupsTest@6536e911]" name="duplicateAnExistingUserGroupPrefixedWithSpaces" duration-ms="6566" started-at="2020-09-20T00:58:58Z" finished-at="2020-09-20T00:59:04Z">
          <reporter-output>
          </reporter-output>
        </test-method> <!-- duplicateAnExistingUserGroupPrefixedWithSpaces -->
        <test-method status="PASS" signature="deleteCreatedUserGroup()[pri:9, instance:com.buddi.hdportal.tests.HDPortalManageUserGroupsTest@6536e911]" name="deleteCreatedUserGroup" duration-ms="3813" started-at="2020-09-20T00:59:04Z" finished-at="2020-09-20T00:59:08Z">
          <reporter-output>
          </reporter-output>
        </test-method> <!-- deleteCreatedUserGroup -->
        <test-method status="PASS" signature="deleteDuplicateUserGroup()[pri:10, instance:com.buddi.hdportal.tests.HDPortalManageUserGroupsTest@6536e911]" name="deleteDuplicateUserGroup" duration-ms="3693" started-at="2020-09-20T00:59:08Z" finished-at="2020-09-20T00:59:12Z">
          <reporter-output>
          </reporter-output>
        </test-method> <!-- deleteDuplicateUserGroup -->
      </class> <!-- com.buddi.hdportal.tests.HDPortalManageUserGroupsTest -->
    </test> <!-- HD Portal Manage User Groups -->
    <test name="HD Portal Manage Knowledge Base" duration-ms="8161" started-at="2020-09-19T19:29:12Z" finished-at="2020-09-19T19:29:20Z">
      <class name="com.buddi.hdportal.tests.HDPortalManageKnowledgeBaseTest">
        <test-method status="PASS" signature="initialize(java.lang.String)[pri:0, instance:com.buddi.hdportal.tests.HDPortalManageKnowledgeBaseTest@335eadca]" name="initialize" is-config="true" duration-ms="5" started-at="2020-09-20T00:59:12Z" finished-at="2020-09-20T00:59:12Z">
          <params>
            <param index="0">
              <value>
                <![CDATA[ChromeSuite]]>
              </value>
            </param>
          </params>
          <reporter-output>
          </reporter-output>
        </test-method> <!-- initialize -->
        <test-method status="PASS" signature="accessManagementMenuForKB()[pri:1, instance:com.buddi.hdportal.tests.HDPortalManageKnowledgeBaseTest@335eadca]" name="accessManagementMenuForKB" duration-ms="87" started-at="2020-09-20T00:59:12Z" finished-at="2020-09-20T00:59:12Z">
          <reporter-output>
          </reporter-output>
        </test-method> <!-- accessManagementMenuForKB -->
        <test-method status="PASS" signature="accessKnowledgeBaseMenuItem()[pri:2, instance:com.buddi.hdportal.tests.HDPortalManageKnowledgeBaseTest@335eadca]" name="accessKnowledgeBaseMenuItem" duration-ms="465" started-at="2020-09-20T00:59:12Z" finished-at="2020-09-20T00:59:12Z">
          <reporter-output>
          </reporter-output>
        </test-method> <!-- accessKnowledgeBaseMenuItem -->
        <test-method status="PASS" signature="createNewKnowledgeBase()[pri:3, instance:com.buddi.hdportal.tests.HDPortalManageKnowledgeBaseTest@335eadca]" name="createNewKnowledgeBase" duration-ms="7599" started-at="2020-09-20T00:59:12Z" finished-at="2020-09-20T00:59:20Z">
          <reporter-output>
          </reporter-output>
        </test-method> <!-- createNewKnowledgeBase -->
      </class> <!-- com.buddi.hdportal.tests.HDPortalManageKnowledgeBaseTest -->
    </test> <!-- HD Portal Manage Knowledge Base -->
    <test name="HD Portal Manage Pending Visits" duration-ms="555" started-at="2020-09-19T19:29:20Z" finished-at="2020-09-19T19:29:21Z">
      <class name="com.buddi.hdportal.tests.HDPortalManagePendingVisitsTest">
        <test-method status="PASS" signature="initialize(java.lang.String)[pri:0, instance:com.buddi.hdportal.tests.HDPortalManagePendingVisitsTest@4b4523f8]" name="initialize" is-config="true" duration-ms="2" started-at="2020-09-20T00:59:20Z" finished-at="2020-09-20T00:59:20Z">
          <params>
            <param index="0">
              <value>
                <![CDATA[ChromeSuite]]>
              </value>
            </param>
          </params>
          <reporter-output>
          </reporter-output>
        </test-method> <!-- initialize -->
        <test-method status="PASS" signature="accessVisitsMenu()[pri:1, instance:com.buddi.hdportal.tests.HDPortalManagePendingVisitsTest@4b4523f8]" name="accessVisitsMenu" duration-ms="142" started-at="2020-09-20T00:59:20Z" finished-at="2020-09-20T00:59:20Z">
          <reporter-output>
          </reporter-output>
        </test-method> <!-- accessVisitsMenu -->
        <test-method status="PASS" signature="accessPendingMenuItem()[pri:2, instance:com.buddi.hdportal.tests.HDPortalManagePendingVisitsTest@4b4523f8]" name="accessPendingMenuItem" duration-ms="405" started-at="2020-09-20T00:59:20Z" finished-at="2020-09-20T00:59:21Z">
          <reporter-output>
          </reporter-output>
        </test-method> <!-- accessPendingMenuItem -->
      </class> <!-- com.buddi.hdportal.tests.HDPortalManagePendingVisitsTest -->
    </test> <!-- HD Portal Manage Pending Visits -->
    <test name="HD Portal Alerts" duration-ms="7315" started-at="2020-09-19T19:29:21Z" finished-at="2020-09-19T19:29:28Z">
      <class name="com.buddi.hdportal.tests.HDPortalManageNewManualAlertsTest">
        <test-method status="PASS" signature="setUp(java.lang.String, java.lang.String)[pri:0, instance:com.buddi.hdportal.tests.HDPortalManageNewManualAlertsTest@1d16f93d]" name="setUp" is-config="true" duration-ms="7617" started-at="2020-09-20T00:58:21Z" finished-at="2020-09-20T00:58:29Z">
          <params>
            <param index="0">
              <value>
                <![CDATA[chromedriver]]>
              </value>
            </param>
            <param index="1">
              <value>
                <![CDATA[ChromeSuite]]>
              </value>
            </param>
          </params>
          <reporter-output>
          </reporter-output>
        </test-method> <!-- setUp -->
        <test-method status="PASS" signature="initialize(java.lang.String)[pri:0, instance:com.buddi.hdportal.tests.HDPortalManageNewManualAlertsTest@1d16f93d]" name="initialize" is-config="true" duration-ms="2" started-at="2020-09-20T00:59:21Z" finished-at="2020-09-20T00:59:21Z">
          <params>
            <param index="0">
              <value>
                <![CDATA[ChromeSuite]]>
              </value>
            </param>
          </params>
          <reporter-output>
          </reporter-output>
        </test-method> <!-- initialize -->
        <test-method status="PASS" signature="accessNewAlertsMenuAndVerifyPanelTitle()[pri:1, instance:com.buddi.hdportal.tests.HDPortalManageNewManualAlertsTest@1d16f93d]" name="accessNewAlertsMenuAndVerifyPanelTitle" duration-ms="404" started-at="2020-09-20T00:59:21Z" finished-at="2020-09-20T00:59:21Z">
          <reporter-output>
          </reporter-output>
        </test-method> <!-- accessNewAlertsMenuAndVerifyPanelTitle -->
        <test-method status="PASS" signature="verifyColumnNamesInNewAlertsPageGrid()[pri:2, instance:com.buddi.hdportal.tests.HDPortalManageNewManualAlertsTest@1d16f93d]" name="verifyColumnNamesInNewAlertsPageGrid" duration-ms="2284" started-at="2020-09-20T00:59:21Z" finished-at="2020-09-20T00:59:24Z">
          <reporter-output>
          </reporter-output>
        </test-method> <!-- verifyColumnNamesInNewAlertsPageGrid -->
        <test-method status="PASS" signature="createNewAlert()[pri:3, instance:com.buddi.hdportal.tests.HDPortalManageNewManualAlertsTest@1d16f93d]" name="createNewAlert" duration-ms="4620" started-at="2020-09-20T00:59:24Z" finished-at="2020-09-20T00:59:28Z">
          <reporter-output>
          </reporter-output>
        </test-method> <!-- createNewAlert -->
        <test-method status="PASS" signature="clean()[pri:0, instance:com.buddi.hdportal.tests.HDPortalManageNewManualAlertsTest@1d16f93d]" name="clean" is-config="true" duration-ms="5382" started-at="2020-09-20T00:59:28Z" finished-at="2020-09-20T00:59:34Z">
          <reporter-output>
          </reporter-output>
        </test-method> <!-- clean -->
      </class> <!-- com.buddi.hdportal.tests.HDPortalManageNewManualAlertsTest -->
    </test> <!-- HD Portal Alerts -->
  </suite> <!-- Colombia System Smoke Test Automation Suite -->
</testng-results>
