<?xml version="1.0" encoding="UTF-8"?>
<!-- Generated by org.testng.reporters.JUnitXMLReporter -->
<testsuite hostname="LAPTOP-I3V0BKGE" ignored="0" tests="0" failures="0" timestamp="04 Oct 2020 14:44:23 GMT" time="0.005" errors="0">
  <testcase name="@BeforeSuite setUp" time="304.711" classname="com.buddi.hdportal.tests.HDPortalBaseTest">
    <failure type="java.lang.Error" message="network server is slow..check internet connection">
      <![CDATA[java.lang.Error: network server is slow..check internet connection
	at com.buddi.hdportal.tests.HDPortalBaseTest.setUp(HDPortalBaseTest.java:129)
... Removed 19 stack frames]]>
    </failure>
  </testcase> <!-- @BeforeSuite setUp -->
</testsuite>
