<?xml version="1.0" encoding="UTF-8"?>
<!-- Generated by org.testng.reporters.JUnitXMLReporter -->
<testsuite hostname="LAPTOP-I3V0BKGE" ignored="0" name="HD Portal Manage User Groups" tests="10" failures="0" timestamp="17 Sep 2020 13:52:03 GMT" time="42.241" errors="0">
  <testcase name="accessManagementMenu" time="0.143" classname="com.buddi.hdportal.tests.HDPortalManageUserGroupsTest"/>
  <testcase name="accessUserGroupsMenuItem" time="1.035" classname="com.buddi.hdportal.tests.HDPortalManageUserGroupsTest"/>
  <testcase name="createNewUserGroup" time="3.638" classname="com.buddi.hdportal.tests.HDPortalManageUserGroupsTest"/>
  <testcase name="duplicateUserGroup" time="6.475" classname="com.buddi.hdportal.tests.HDPortalManageUserGroupsTest"/>
  <testcase name="createDuplicateUserGroupInLowerCase" time="1.146" classname="com.buddi.hdportal.tests.HDPortalManageUserGroupsTest"/>
  <testcase name="createDuplicateUserGroupPrefixedWithSpaces" time="4.327" classname="com.buddi.hdportal.tests.HDPortalManageUserGroupsTest"/>
  <testcase name="duplicateAnExistingUserGroupInLowerCase" time="8.987" classname="com.buddi.hdportal.tests.HDPortalManageUserGroupsTest"/>
  <testcase name="duplicateAnExistingUserGroupPrefixedWithSpaces" time="8.138" classname="com.buddi.hdportal.tests.HDPortalManageUserGroupsTest"/>
  <testcase name="deleteCreatedUserGroup" time="4.059" classname="com.buddi.hdportal.tests.HDPortalManageUserGroupsTest"/>
  <testcase name="deleteDuplicateUserGroup" time="4.261" classname="com.buddi.hdportal.tests.HDPortalManageUserGroupsTest"/>
</testsuite> <!-- HD Portal Manage User Groups -->
