<?xml version="1.0" encoding="UTF-8"?>
<!-- Generated by org.testng.reporters.JUnitXMLReporter -->
<testsuite hostname="LAPTOP-I3V0BKGE" ignored="0" name="HD Portal Alert History" tests="3" failures="0" timestamp="30 Sep 2020 04:55:11 GMT" time="3.057" errors="0">
  <testcase name="accessAlertHistoryMenuAndVerifyGridTitle" time="2.007" classname="com.buddi.hdportal.tests.HDPortalManageAlertHistoryTest"/>
  <testcase name="openAlertDetailPage" time="0.584" classname="com.buddi.hdportal.tests.HDPortalManageAlertHistoryTest"/>
  <testcase name="verifyReopenAlertButtonInAlertDetailPage" time="0.457" classname="com.buddi.hdportal.tests.HDPortalManageAlertHistoryTest"/>
</testsuite> <!-- HD Portal Alert History -->
