<?xml version="1.0" encoding="UTF-8"?>
<!-- Generated by org.testng.reporters.JUnitXMLReporter -->
<testsuite hostname="LAPTOP-I3V0BKGE" ignored="0" name="HD Portal Manage Knowledge Base" tests="3" failures="0" timestamp="19 Sep 2020 14:34:10 GMT" time="8.635" errors="0">
  <testcase name="accessManagementMenuForKB" time="0.135" classname="com.buddi.hdportal.tests.HDPortalManageKnowledgeBaseTest"/>
  <testcase name="accessKnowledgeBaseMenuItem" time="0.347" classname="com.buddi.hdportal.tests.HDPortalManageKnowledgeBaseTest"/>
  <testcase name="createNewKnowledgeBase" time="8.141" classname="com.buddi.hdportal.tests.HDPortalManageKnowledgeBaseTest"/>
</testsuite> <!-- HD Portal Manage Knowledge Base -->
