<?xml version="1.0" encoding="UTF-8"?>
<!-- Generated by org.testng.reporters.JUnitXMLReporter -->
<testsuite hostname="LAPTOP-I3V0BKGE" ignored="0" name="HD Portal In Progress Alerts" tests="4" failures="0" timestamp="03 Oct 2020 15:09:54 GMT" time="7.027" errors="0">
  <testcase name="accessInProgressAlertsMenuAndVerifyGridTitle" time="1.632" classname="com.buddi.hdportal.tests.HDPortalManageInProgressAlertsTest"/>
  <testcase name="verifyColumnNamesInInProgressAlertsPageGrid" time="3.203" classname="com.buddi.hdportal.tests.HDPortalManageInProgressAlertsTest"/>
  <testcase name="openAlertDetailPage" time="0.169" classname="com.buddi.hdportal.tests.HDPortalManageInProgressAlertsTest"/>
  <testcase name="confirmAlertFromDetailsPage" time="2.015" classname="com.buddi.hdportal.tests.HDPortalManageInProgressAlertsTest"/>
</testsuite> <!-- HD Portal In Progress Alerts -->
