<?xml version="1.0" encoding="UTF-8"?>
<!-- Generated by org.testng.reporters.JUnitXMLReporter -->
<testsuite hostname="LAPTOP-I3V0BKGE" ignored="0" name="HD Portal Alerts" tests="2" failures="0" timestamp="19 Sep 2020 14:34:01 GMT" time="0.763" errors="0">
  <testcase name="accessNewAlertsMenuAndVerifyPanelTitle" time="0.414" classname="com.buddi.hdportal.tests.HDPortalManageNewManualAlertsTest"/>
  <testcase name="verifyColumnNamesInNewAlertsPageGrid" time="0.342" classname="com.buddi.hdportal.tests.HDPortalManageNewManualAlertsTest"/>
</testsuite> <!-- HD Portal Alerts -->
