<?xml version="1.0" encoding="UTF-8"?>
<!-- Generated by org.testng.reporters.JUnitXMLReporter -->
<testsuite hostname="LAPTOP-I3V0BKGE" ignored="0" name="HD Portal Manage Knowledge Base" tests="3" failures="0" timestamp="03 Oct 2020 15:10:55 GMT" time="10.074" errors="0">
  <testcase name="accessManagementMenuForKnowledgeBase" time="1.579" classname="com.buddi.hdportal.tests.HDPortalManageKnowledgeBaseTest"/>
  <testcase name="accessKnowledgeBaseMenuItem" time="0.897" classname="com.buddi.hdportal.tests.HDPortalManageKnowledgeBaseTest"/>
  <testcase name="createNewKnowledgeBase" time="7.531" classname="com.buddi.hdportal.tests.HDPortalManageKnowledgeBaseTest"/>
</testsuite> <!-- HD Portal Manage Knowledge Base -->
