<?xml version="1.0" encoding="UTF-8"?>
<!-- Generated by org.testng.reporters.JUnitXMLReporter -->
<testsuite hostname="LAPTOP-I3V0BKGE" ignored="0" name="HD Portal In Progress Alerts" tests="4" failures="0" timestamp="30 Sep 2020 04:55:08 GMT" time="6.983" errors="0">
  <testcase name="accessInProgressAlertsMenuAndVerifyGridTitle" time="1.928" classname="com.buddi.hdportal.tests.HDPortalManageInProgressAlertsTest"/>
  <testcase name="verifyColumnNamesInInProgressAlertsPageGrid" time="2.615" classname="com.buddi.hdportal.tests.HDPortalManageInProgressAlertsTest"/>
  <testcase name="openAlertDetailPage" time="0.296" classname="com.buddi.hdportal.tests.HDPortalManageInProgressAlertsTest"/>
  <testcase name="confirmAlertFromDetailsPage" time="2.132" classname="com.buddi.hdportal.tests.HDPortalManageInProgressAlertsTest"/>
</testsuite> <!-- HD Portal In Progress Alerts -->
