<?xml version="1.0" encoding="UTF-8"?>
<!-- Generated by org.testng.reporters.JUnitXMLReporter -->
<testsuite hostname="LAPTOP-I3V0BKGE" ignored="0" name="HD Portal Alert History" tests="3" failures="0" timestamp="03 Oct 2020 15:09:58 GMT" time="3.721" errors="0">
  <testcase name="accessAlertHistoryMenuAndVerifyGridTitle" time="2.795" classname="com.buddi.hdportal.tests.HDPortalManageAlertHistoryTest"/>
  <testcase name="openAlertDetailPage" time="0.403" classname="com.buddi.hdportal.tests.HDPortalManageAlertHistoryTest"/>
  <testcase name="verifyReopenAlertButtonInAlertDetailPage" time="0.513" classname="com.buddi.hdportal.tests.HDPortalManageAlertHistoryTest"/>
</testsuite> <!-- HD Portal Alert History -->
