<?xml version="1.0" encoding="UTF-8"?>
<!-- Generated by org.testng.reporters.JUnitXMLReporter -->
<testsuite hostname="LAPTOP-I3V0BKGE" ignored="0" name="HD Portal New Alerts" tests="4" failures="0" timestamp="30 Sep 2020 04:55:01 GMT" time="16.022" errors="0">
  <testcase name="accessNewAlertsMenuAndVerifyGridTitle" time="2.313" classname="com.buddi.hdportal.tests.HDPortalManageNewManualAlertsTest"/>
  <testcase name="verifyColumnNamesInNewAlertsPageGrid" time="2.26" classname="com.buddi.hdportal.tests.HDPortalManageNewManualAlertsTest"/>
  <testcase name="createNewAlert" time="8.741" classname="com.buddi.hdportal.tests.HDPortalManageNewManualAlertsTest"/>
  <testcase name="verifyNewlyCreatedAlert" time="2.697" classname="com.buddi.hdportal.tests.HDPortalManageNewManualAlertsTest"/>
</testsuite> <!-- HD Portal New Alerts -->
