<?xml version="1.0" encoding="UTF-8"?>
<!-- Generated by org.testng.reporters.JUnitXMLReporter -->
<testsuite hostname="LAPTOP-I3V0BKGE" ignored="0" name="HD Portal Alerts" tests="3" failures="0" timestamp="19 Sep 2020 19:29:28 GMT" time="7.315" errors="0">
  <testcase name="accessNewAlertsMenuAndVerifyPanelTitle" time="0.404" classname="com.buddi.hdportal.tests.HDPortalManageNewManualAlertsTest"/>
  <testcase name="verifyColumnNamesInNewAlertsPageGrid" time="2.284" classname="com.buddi.hdportal.tests.HDPortalManageNewManualAlertsTest"/>
  <testcase name="createNewAlert" time="4.62" classname="com.buddi.hdportal.tests.HDPortalManageNewManualAlertsTest"/>
</testsuite> <!-- HD Portal Alerts -->
