<?xml version="1.0" encoding="UTF-8"?>
<!-- Generated by org.testng.reporters.JUnitXMLReporter -->
<testsuite hostname="LAPTOP-I3V0BKGE" ignored="0" name="HD Portal Manage Pending Visits" tests="2" failures="0" timestamp="19 Sep 2020 14:34:10 GMT" time="0.529" errors="0">
  <testcase name="accessVisitsMenu" time="0.134" classname="com.buddi.hdportal.tests.HDPortalManagePendingVisitsTest"/>
  <testcase name="accessPendingMenuItem" time="0.386" classname="com.buddi.hdportal.tests.HDPortalManagePendingVisitsTest"/>
</testsuite> <!-- HD Portal Manage Pending Visits -->
