<?xml version="1.0" encoding="UTF-8"?>
<!-- Generated by org.testng.reporters.JUnitXMLReporter -->
<testsuite hostname="LAPTOP-I3V0BKGE" ignored="0" name="HD Portal Manage User Groups" tests="10" failures="0" timestamp="03 Oct 2020 15:10:44 GMT" time="33.979" errors="0">
  <testcase name="accessManagementMenu" time="1.428" classname="com.buddi.hdportal.tests.HDPortalManageUserGroupsTest"/>
  <testcase name="accessUserGroupsMenuItem" time="0.828" classname="com.buddi.hdportal.tests.HDPortalManageUserGroupsTest"/>
  <testcase name="createNewUserGroup" time="2.908" classname="com.buddi.hdportal.tests.HDPortalManageUserGroupsTest"/>
  <testcase name="duplicateUserGroup" time="4.316" classname="com.buddi.hdportal.tests.HDPortalManageUserGroupsTest"/>
  <testcase name="createDuplicateUserGroupInLowerCase" time="0.851" classname="com.buddi.hdportal.tests.HDPortalManageUserGroupsTest"/>
  <testcase name="createDuplicateUserGroupPrefixedWithSpaces" time="3.101" classname="com.buddi.hdportal.tests.HDPortalManageUserGroupsTest"/>
  <testcase name="duplicateAnExistingUserGroupInLowerCase" time="6.06" classname="com.buddi.hdportal.tests.HDPortalManageUserGroupsTest"/>
  <testcase name="duplicateAnExistingUserGroupPrefixedWithSpaces" time="6.417" classname="com.buddi.hdportal.tests.HDPortalManageUserGroupsTest"/>
  <testcase name="deleteCreatedUserGroup" time="4.04" classname="com.buddi.hdportal.tests.HDPortalManageUserGroupsTest"/>
  <testcase name="deleteDuplicateUserGroup" time="3.749" classname="com.buddi.hdportal.tests.HDPortalManageUserGroupsTest"/>
</testsuite> <!-- HD Portal Manage User Groups -->
