<?xml version="1.0" encoding="UTF-8"?>
<!-- Generated by org.testng.reporters.JUnitXMLReporter -->
<testsuite hostname="LAPTOP-I3V0BKGE" ignored="0" name="Login HD Portal" tests="2" failures="0" timestamp="19 Sep 2020 14:33:23 GMT" time="5.896" errors="0">
  <testcase name="launchHDPortal" time="0.044" classname="com.buddi.hdportal.tests.HDPortalLoginTest"/>
  <testcase name="loginHDPortal" time="5.729" classname="com.buddi.hdportal.tests.HDPortalLoginTest"/>
</testsuite> <!-- Login HD Portal -->
