<?xml version="1.0" encoding="UTF-8"?>
<!-- Generated by org.testng.reporters.JUnitXMLReporter -->
<testsuite hostname="LAPTOP-I3V0BKGE" ignored="6" name="Tests" tests="16" failures="0" timestamp="17 Sep 2020 12:56:28 GMT" time="0.147" errors="0">
  <testcase name="@BeforeSuite setUp" time="7.264" classname="com.buddi.hdportal.tests.HDPortalBaseTest">
    <failure type="java.lang.NullPointerException">
      <![CDATA[java.lang.NullPointerException
	at com.buddi.hdportal.tests.HDPortalBaseTest.launchHDPortal(HDPortalBaseTest.java:220)
	at com.buddi.hdportal.tests.HDPortalBaseTest.setUp(HDPortalBaseTest.java:108)
... Removed 19 stack frames]]>
    </failure>
  </testcase> <!-- @BeforeSuite setUp -->
  <testcase name="@BeforeClass initialize" time="0.0" classname="com.buddi.hdportal.tests.HDPortalBaseTest">
    <skipped/>
  </testcase> <!-- @BeforeClass initialize -->
  <testcase name="@BeforeClass initialize" time="0.0" classname="com.buddi.hdportal.tests.HDPortalBaseTest">
    <skipped/>
  </testcase> <!-- @BeforeClass initialize -->
  <testcase name="@BeforeClass initialize" time="0.0" classname="com.buddi.hdportal.tests.HDPortalBaseTest">
    <skipped/>
  </testcase> <!-- @BeforeClass initialize -->
  <testcase name="@BeforeClass initialize" time="0.0" classname="com.buddi.hdportal.tests.HDPortalBaseTest">
    <skipped/>
  </testcase> <!-- @BeforeClass initialize -->
  <testcase name="verifyHelpDeskTitleInHomePage" time="0.0" classname="com.buddi.hdportal.tests.HDPortalHomeTest">
    <skipped/>
  </testcase> <!-- verifyHelpDeskTitleInHomePage -->
  <testcase name="accessNewAlertsMenuAndVerifyPanelTitle" time="0.0" classname="com.buddi.hdportal.tests.HDPortalManageNewManualAlertsTest">
    <skipped/>
  </testcase> <!-- accessNewAlertsMenuAndVerifyPanelTitle -->
  <testcase name="accessManagementMenu" time="0.0" classname="com.buddi.hdportal.tests.HDPortalManageUserGroupsTest">
    <skipped/>
  </testcase> <!-- accessManagementMenu -->
  <testcase name="accessManagementMenuForKB" time="0.0" classname="com.buddi.hdportal.tests.HDPortalManageKnowledgeBaseTest">
    <skipped/>
  </testcase> <!-- accessManagementMenuForKB -->
  <testcase name="verifyColumnNamesInNewAlertsPageGrid" time="0.0" classname="com.buddi.hdportal.tests.HDPortalManageNewManualAlertsTest">
    <skipped/>
  </testcase> <!-- verifyColumnNamesInNewAlertsPageGrid -->
  <testcase name="accessUserGroupsMenuItem" time="0.0" classname="com.buddi.hdportal.tests.HDPortalManageUserGroupsTest">
    <skipped/>
  </testcase> <!-- accessUserGroupsMenuItem -->
  <testcase name="accessKnowledgeBaseMenuItem" time="0.0" classname="com.buddi.hdportal.tests.HDPortalManageKnowledgeBaseTest">
    <skipped/>
  </testcase> <!-- accessKnowledgeBaseMenuItem -->
  <testcase name="createNewUserGroup" time="0.0" classname="com.buddi.hdportal.tests.HDPortalManageUserGroupsTest">
    <skipped/>
  </testcase> <!-- createNewUserGroup -->
  <testcase name="createNewKnowledgeBase" time="0.0" classname="com.buddi.hdportal.tests.HDPortalManageKnowledgeBaseTest">
    <skipped/>
  </testcase> <!-- createNewKnowledgeBase -->
  <testcase name="duplicateUserGroup" time="0.0" classname="com.buddi.hdportal.tests.HDPortalManageUserGroupsTest">
    <skipped/>
  </testcase> <!-- duplicateUserGroup -->
  <testcase name="createDuplicateUserGroupInLowerCase" time="0.0" classname="com.buddi.hdportal.tests.HDPortalManageUserGroupsTest">
    <skipped/>
  </testcase> <!-- createDuplicateUserGroupInLowerCase -->
  <testcase name="createDuplicateUserGroupPrefixedWithSpaces" time="0.0" classname="com.buddi.hdportal.tests.HDPortalManageUserGroupsTest">
    <skipped/>
  </testcase> <!-- createDuplicateUserGroupPrefixedWithSpaces -->
  <testcase name="duplicateAnExistingUserGroupInLowerCase" time="0.0" classname="com.buddi.hdportal.tests.HDPortalManageUserGroupsTest">
    <skipped/>
  </testcase> <!-- duplicateAnExistingUserGroupInLowerCase -->
  <testcase name="duplicateAnExistingUserGroupPrefixedWithSpaces" time="0.0" classname="com.buddi.hdportal.tests.HDPortalManageUserGroupsTest">
    <skipped/>
  </testcase> <!-- duplicateAnExistingUserGroupPrefixedWithSpaces -->
  <testcase name="deleteCreatedUserGroup" time="0.0" classname="com.buddi.hdportal.tests.HDPortalManageUserGroupsTest">
    <skipped/>
  </testcase> <!-- deleteCreatedUserGroup -->
  <testcase name="deleteDuplicateUserGroup" time="0.0" classname="com.buddi.hdportal.tests.HDPortalManageUserGroupsTest">
    <skipped/>
  </testcase> <!-- deleteDuplicateUserGroup -->
  <testcase name="@BeforeSuite setUp" time="0.0" classname="com.buddi.hdportal.tests.HDPortalBaseTest">
    <ignored/>
  </testcase> <!-- @BeforeSuite setUp -->
  <testcase name="@BeforeSuite setUp" time="0.0" classname="com.buddi.hdportal.tests.HDPortalBaseTest">
    <ignored/>
  </testcase> <!-- @BeforeSuite setUp -->
  <testcase name="@BeforeSuite setUp" time="0.0" classname="com.buddi.hdportal.tests.HDPortalBaseTest">
    <ignored/>
  </testcase> <!-- @BeforeSuite setUp -->
  <testcase name="@AfterSuite clean" time="0.0" classname="com.buddi.hdportal.tests.HDPortalBaseTest">
    <ignored/>
  </testcase> <!-- @AfterSuite clean -->
  <testcase name="@AfterSuite clean" time="0.0" classname="com.buddi.hdportal.tests.HDPortalBaseTest">
    <ignored/>
  </testcase> <!-- @AfterSuite clean -->
  <testcase name="@AfterSuite clean" time="0.0" classname="com.buddi.hdportal.tests.HDPortalBaseTest">
    <ignored/>
  </testcase> <!-- @AfterSuite clean -->
</testsuite> <!-- Tests -->
