<?xml version="1.0" encoding="UTF-8"?>
<!-- Generated by org.testng.reporters.JUnitXMLReporter -->
<testsuite hostname="LAPTOP-I3V0BKGE" ignored="6" name="Tests" tests="14" failures="0" timestamp="02 Jul 2020 09:32:02 GMT" time="42.214" errors="0">
  <testcase name="launchHDPortal" time="0.529" classname="com.buddi.hdportal.tests.HDPortalLoginTest"/>
  <testcase name="loginHDPortal" time="1.84" classname="com.buddi.hdportal.tests.HDPortalLoginTest"/>
  <testcase name="verifyHelpDeskTitleInHomePage" time="2.739" classname="com.buddi.hdportal.tests.HDPortalHomeTest"/>
  <testcase name="accessNewAlertsMenuAndVerifyPanelTitle" time="0.465" classname="com.buddi.hdportal.tests.HDPortalManageNewManualAlertsTest"/>
  <testcase name="accessManagementMenu" time="0.138" classname="com.buddi.hdportal.tests.HDPortalManageUserGroupsTest"/>
  <testcase name="accessUserGroupsMenuItem" time="1.05" classname="com.buddi.hdportal.tests.HDPortalManageUserGroupsTest"/>
  <testcase name="createNewUserGroup" time="3.441" classname="com.buddi.hdportal.tests.HDPortalManageUserGroupsTest"/>
  <testcase name="duplicateUserGroup" time="4.152" classname="com.buddi.hdportal.tests.HDPortalManageUserGroupsTest"/>
  <testcase name="createDuplicateUserGroupInLowerCase" time="1.299" classname="com.buddi.hdportal.tests.HDPortalManageUserGroupsTest"/>
  <testcase name="createDuplicateUserGroupPrefixedWithSpaces" time="3.906" classname="com.buddi.hdportal.tests.HDPortalManageUserGroupsTest"/>
  <testcase name="duplicateAnExistingUserGroupInLowerCase" time="7.204" classname="com.buddi.hdportal.tests.HDPortalManageUserGroupsTest"/>
  <testcase name="duplicateAnExistingUserGroupPrefixedWithSpaces" time="6.928" classname="com.buddi.hdportal.tests.HDPortalManageUserGroupsTest"/>
  <testcase name="deleteCreatedUserGroup" time="3.829" classname="com.buddi.hdportal.tests.HDPortalManageUserGroupsTest"/>
  <testcase name="deleteDuplicateUserGroup" time="4.227" classname="com.buddi.hdportal.tests.HDPortalManageUserGroupsTest"/>
  <testcase name="@BeforeSuite setUp" time="0.0" classname="com.buddi.hdportal.tests.HDPortalBaseTest">
    <ignored/>
  </testcase> <!-- @BeforeSuite setUp -->
  <testcase name="@BeforeSuite setUp" time="0.0" classname="com.buddi.hdportal.tests.HDPortalBaseTest">
    <ignored/>
  </testcase> <!-- @BeforeSuite setUp -->
  <testcase name="@BeforeSuite setUp" time="0.0" classname="com.buddi.hdportal.tests.HDPortalBaseTest">
    <ignored/>
  </testcase> <!-- @BeforeSuite setUp -->
  <testcase name="@AfterSuite clean" time="0.0" classname="com.buddi.hdportal.tests.HDPortalBaseTest">
    <ignored/>
  </testcase> <!-- @AfterSuite clean -->
  <testcase name="@AfterSuite clean" time="0.0" classname="com.buddi.hdportal.tests.HDPortalBaseTest">
    <ignored/>
  </testcase> <!-- @AfterSuite clean -->
  <testcase name="@AfterSuite clean" time="0.0" classname="com.buddi.hdportal.tests.HDPortalBaseTest">
    <ignored/>
  </testcase> <!-- @AfterSuite clean -->
</testsuite> <!-- Tests -->
