<?xml version="1.0" encoding="UTF-8"?>
<!-- Generated by org.testng.reporters.JUnitXMLReporter -->
<testsuite hostname="LAPTOP-I3V0BKGE" ignored="4" name="Test" tests="9" failures="0" timestamp="28 Jun 2020 10:01:27 GMT" time="13.99" errors="0">
  <testcase name="launchHDPortal" time="0.108" classname="com.buddi.hdportal.tests.HDPortalLoginTest"/>
  <testcase name="loginHDPortal" time="0.646" classname="com.buddi.hdportal.tests.HDPortalLoginTest"/>
  <testcase name="verifyHelpDeskTitleInHomePage" time="1.922" classname="com.buddi.hdportal.tests.HDPortalHomeTest"/>
  <testcase name="accessManagementMenu" time="0.136" classname="com.buddi.hdportal.tests.HDPortalManageUserGroupsTest"/>
  <testcase name="accessUserGroupsMenuItem" time="0.83" classname="com.buddi.hdportal.tests.HDPortalManageUserGroupsTest"/>
  <testcase name="addUserGroup" time="0.629" classname="com.buddi.hdportal.tests.HDPortalManageUserGroupsTest"/>
  <testcase name="duplicateUserGroup" time="3.489" classname="com.buddi.hdportal.tests.HDPortalManageUserGroupsTest"/>
  <testcase name="deleteCreatedUserGroup" time="3.187" classname="com.buddi.hdportal.tests.HDPortalManageUserGroupsTest"/>
  <testcase name="deleteDuplicateUserGroup" time="2.976" classname="com.buddi.hdportal.tests.HDPortalManageUserGroupsTest"/>
  <testcase name="@BeforeSuite setUp" time="0.0" classname="com.buddi.hdportal.tests.HDPortalBaseTest">
    <ignored/>
  </testcase> <!-- @BeforeSuite setUp -->
  <testcase name="@BeforeSuite setUp" time="0.0" classname="com.buddi.hdportal.tests.HDPortalBaseTest">
    <ignored/>
  </testcase> <!-- @BeforeSuite setUp -->
  <testcase name="@AfterSuite clean" time="0.0" classname="com.buddi.hdportal.tests.HDPortalBaseTest">
    <ignored/>
  </testcase> <!-- @AfterSuite clean -->
  <testcase name="@AfterSuite clean" time="0.0" classname="com.buddi.hdportal.tests.HDPortalBaseTest">
    <ignored/>
  </testcase> <!-- @AfterSuite clean -->
</testsuite> <!-- Test -->
